mode: set
github.com/joeycumines/go-eventloop/internal/alternatetwo/arena.go:25.35,28.2 2 0
github.com/joeycumines/go-eventloop/internal/alternatetwo/arena.go:32.29,34.2 1 0
github.com/joeycumines/go-eventloop/internal/alternatetwo/arena.go:40.19,42.4 1 1
github.com/joeycumines/go-eventloop/internal/alternatetwo/arena.go:47.19,49.4 1 0
github.com/joeycumines/go-eventloop/internal/alternatetwo/arena.go:60.22,62.2 1 1
github.com/joeycumines/go-eventloop/internal/alternatetwo/arena.go:65.23,69.2 3 1
github.com/joeycumines/go-eventloop/internal/alternatetwo/arena.go:72.26,74.2 1 0
github.com/joeycumines/go-eventloop/internal/alternatetwo/arena.go:77.27,81.2 3 0
github.com/joeycumines/go-eventloop/internal/alternatetwo/chunk.go:24.18,26.3 1 1
github.com/joeycumines/go-eventloop/internal/alternatetwo/chunk.go:30.24,36.2 5 1
github.com/joeycumines/go-eventloop/internal/alternatetwo/chunk.go:41.32,43.29 1 1
github.com/joeycumines/go-eventloop/internal/alternatetwo/chunk.go:43.29,45.3 1 1
github.com/joeycumines/go-eventloop/internal/alternatetwo/chunk.go:46.2,49.18 4 1
github.com/joeycumines/go-eventloop/internal/alternatetwo/ingress.go:33.44,38.2 4 1
github.com/joeycumines/go-eventloop/internal/alternatetwo/ingress.go:42.43,52.2 6 1
github.com/joeycumines/go-eventloop/internal/alternatetwo/ingress.go:57.46,60.17 3 1
github.com/joeycumines/go-eventloop/internal/alternatetwo/ingress.go:60.17,62.3 1 1
github.com/joeycumines/go-eventloop/internal/alternatetwo/ingress.go:64.2,69.21 4 1
github.com/joeycumines/go-eventloop/internal/alternatetwo/ingress.go:69.21,71.3 1 1
github.com/joeycumines/go-eventloop/internal/alternatetwo/ingress.go:73.2,74.19 2 1
github.com/joeycumines/go-eventloop/internal/alternatetwo/ingress.go:80.61,85.20 3 1
github.com/joeycumines/go-eventloop/internal/alternatetwo/ingress.go:85.20,87.3 1 1
github.com/joeycumines/go-eventloop/internal/alternatetwo/ingress.go:89.2,89.18 1 1
github.com/joeycumines/go-eventloop/internal/alternatetwo/ingress.go:89.18,91.18 2 1
github.com/joeycumines/go-eventloop/internal/alternatetwo/ingress.go:91.18,92.9 1 1
github.com/joeycumines/go-eventloop/internal/alternatetwo/ingress.go:95.3,100.22 4 1
github.com/joeycumines/go-eventloop/internal/alternatetwo/ingress.go:100.22,102.4 1 1
github.com/joeycumines/go-eventloop/internal/alternatetwo/ingress.go:104.3,105.10 2 1
github.com/joeycumines/go-eventloop/internal/alternatetwo/ingress.go:108.2,108.15 1 1
github.com/joeycumines/go-eventloop/internal/alternatetwo/ingress.go:108.15,110.3 1 1
github.com/joeycumines/go-eventloop/internal/alternatetwo/ingress.go:111.2,111.14 1 1
github.com/joeycumines/go-eventloop/internal/alternatetwo/ingress.go:116.42,118.2 1 1
github.com/joeycumines/go-eventloop/internal/alternatetwo/ingress.go:122.42,125.2 2 1
github.com/joeycumines/go-eventloop/internal/alternatetwo/ingress.go:141.40,143.2 1 1
github.com/joeycumines/go-eventloop/internal/alternatetwo/ingress.go:148.46,149.6 1 1
github.com/joeycumines/go-eventloop/internal/alternatetwo/ingress.go:149.6,152.24 3 1
github.com/joeycumines/go-eventloop/internal/alternatetwo/ingress.go:152.24,154.4 1 0
github.com/joeycumines/go-eventloop/internal/alternatetwo/ingress.go:155.3,155.42 1 1
github.com/joeycumines/go-eventloop/internal/alternatetwo/ingress.go:155.42,158.4 2 1
github.com/joeycumines/go-eventloop/internal/alternatetwo/ingress.go:165.38,168.18 3 1
github.com/joeycumines/go-eventloop/internal/alternatetwo/ingress.go:168.18,170.3 1 1
github.com/joeycumines/go-eventloop/internal/alternatetwo/ingress.go:172.2,175.11 4 1
github.com/joeycumines/go-eventloop/internal/alternatetwo/ingress.go:179.41,181.2 1 1
github.com/joeycumines/go-eventloop/internal/alternatetwo/ingress.go:184.40,186.2 1 1
github.com/joeycumines/go-eventloop/internal/alternatetwo/loop.go:77.27,79.16 2 1
github.com/joeycumines/go-eventloop/internal/alternatetwo/loop.go:79.16,81.3 1 0
github.com/joeycumines/go-eventloop/internal/alternatetwo/loop.go:83.2,98.43 2 1
github.com/joeycumines/go-eventloop/internal/alternatetwo/loop.go:98.43,100.28 2 0
github.com/joeycumines/go-eventloop/internal/alternatetwo/loop.go:100.28,102.4 1 0
github.com/joeycumines/go-eventloop/internal/alternatetwo/loop.go:103.3,103.18 1 0
github.com/joeycumines/go-eventloop/internal/alternatetwo/loop.go:107.2,107.69 1 1
github.com/joeycumines/go-eventloop/internal/alternatetwo/loop.go:107.69,109.3 1 1
github.com/joeycumines/go-eventloop/internal/alternatetwo/loop.go:109.17,112.28 3 0
github.com/joeycumines/go-eventloop/internal/alternatetwo/loop.go:112.28,114.4 1 0
github.com/joeycumines/go-eventloop/internal/alternatetwo/loop.go:115.3,115.18 1 0
github.com/joeycumines/go-eventloop/internal/alternatetwo/loop.go:118.2,118.18 1 1
github.com/joeycumines/go-eventloop/internal/alternatetwo/loop.go:125.47,126.22 1 1
github.com/joeycumines/go-eventloop/internal/alternatetwo/loop.go:126.22,128.3 1 0
github.com/joeycumines/go-eventloop/internal/alternatetwo/loop.go:130.2,130.54 1 1
github.com/joeycumines/go-eventloop/internal/alternatetwo/loop.go:130.54,132.38 2 1
github.com/joeycumines/go-eventloop/internal/alternatetwo/loop.go:132.38,134.4 1 1
github.com/joeycumines/go-eventloop/internal/alternatetwo/loop.go:135.3,135.31 1 1
github.com/joeycumines/go-eventloop/internal/alternatetwo/loop.go:140.2,146.19 3 1
github.com/joeycumines/go-eventloop/internal/alternatetwo/loop.go:153.52,155.23 2 1
github.com/joeycumines/go-eventloop/internal/alternatetwo/loop.go:155.23,157.3 1 1
github.com/joeycumines/go-eventloop/internal/alternatetwo/loop.go:158.2,158.56 1 1
github.com/joeycumines/go-eventloop/internal/alternatetwo/loop.go:158.56,160.3 1 0
github.com/joeycumines/go-eventloop/internal/alternatetwo/loop.go:161.2,161.15 1 1
github.com/joeycumines/go-eventloop/internal/alternatetwo/loop.go:165.56,166.6 1 1
github.com/joeycumines/go-eventloop/internal/alternatetwo/loop.go:166.6,168.74 2 1
github.com/joeycumines/go-eventloop/internal/alternatetwo/loop.go:168.74,170.4 1 0
github.com/joeycumines/go-eventloop/internal/alternatetwo/loop.go:172.3,172.60 1 1
github.com/joeycumines/go-eventloop/internal/alternatetwo/loop.go:172.60,173.34 1 1
github.com/joeycumines/go-eventloop/internal/alternatetwo/loop.go:173.34,177.5 3 1
github.com/joeycumines/go-eventloop/internal/alternatetwo/loop.go:179.4,179.37 1 1
github.com/joeycumines/go-eventloop/internal/alternatetwo/loop.go:179.37,181.5 1 1
github.com/joeycumines/go-eventloop/internal/alternatetwo/loop.go:182.4,182.9 1 1
github.com/joeycumines/go-eventloop/internal/alternatetwo/loop.go:187.2,187.9 1 1
github.com/joeycumines/go-eventloop/internal/alternatetwo/loop.go:188.20,189.13 1 1
github.com/joeycumines/go-eventloop/internal/alternatetwo/loop.go:190.20,191.19 1 0
github.com/joeycumines/go-eventloop/internal/alternatetwo/loop.go:196.47,203.6 5 1
github.com/joeycumines/go-eventloop/internal/alternatetwo/loop.go:203.6,205.78 1 1
github.com/joeycumines/go-eventloop/internal/alternatetwo/loop.go:205.78,208.4 2 1
github.com/joeycumines/go-eventloop/internal/alternatetwo/loop.go:211.3,211.10 1 1
github.com/joeycumines/go-eventloop/internal/alternatetwo/loop.go:212.21,214.8 1 1
github.com/joeycumines/go-eventloop/internal/alternatetwo/loop.go:214.8,216.66 2 1
github.com/joeycumines/go-eventloop/internal/alternatetwo/loop.go:216.66,217.11 1 0
github.com/joeycumines/go-eventloop/internal/alternatetwo/loop.go:219.5,219.57 1 1
github.com/joeycumines/go-eventloop/internal/alternatetwo/loop.go:219.57,221.34 1 1
github.com/joeycumines/go-eventloop/internal/alternatetwo/loop.go:221.34,223.7 1 0
github.com/joeycumines/go-eventloop/internal/alternatetwo/loop.go:224.6,224.11 1 1
github.com/joeycumines/go-eventloop/internal/alternatetwo/loop.go:227.4,227.20 1 1
github.com/joeycumines/go-eventloop/internal/alternatetwo/loop.go:228.11,228.11 0 1
github.com/joeycumines/go-eventloop/internal/alternatetwo/loop.go:231.3,231.11 1 1
github.com/joeycumines/go-eventloop/internal/alternatetwo/loop.go:236.27,238.6 1 1
github.com/joeycumines/go-eventloop/internal/alternatetwo/loop.go:238.6,240.10 2 1
github.com/joeycumines/go-eventloop/internal/alternatetwo/loop.go:240.10,241.9 1 1
github.com/joeycumines/go-eventloop/internal/alternatetwo/loop.go:243.3,243.25 1 0
github.com/joeycumines/go-eventloop/internal/alternatetwo/loop.go:246.2,246.6 1 1
github.com/joeycumines/go-eventloop/internal/alternatetwo/loop.go:246.6,248.10 2 1
github.com/joeycumines/go-eventloop/internal/alternatetwo/loop.go:248.10,249.9 1 1
github.com/joeycumines/go-eventloop/internal/alternatetwo/loop.go:251.3,251.25 1 0
github.com/joeycumines/go-eventloop/internal/alternatetwo/loop.go:254.2,254.6 1 1
github.com/joeycumines/go-eventloop/internal/alternatetwo/loop.go:254.6,256.16 2 1
github.com/joeycumines/go-eventloop/internal/alternatetwo/loop.go:256.16,257.9 1 1
github.com/joeycumines/go-eventloop/internal/alternatetwo/loop.go:259.3,259.20 1 0
github.com/joeycumines/go-eventloop/internal/alternatetwo/loop.go:262.2,263.14 2 1
github.com/joeycumines/go-eventloop/internal/alternatetwo/loop.go:267.23,285.2 7 1
github.com/joeycumines/go-eventloop/internal/alternatetwo/loop.go:288.34,289.6 1 1
github.com/joeycumines/go-eventloop/internal/alternatetwo/loop.go:289.6,291.10 2 1
github.com/joeycumines/go-eventloop/internal/alternatetwo/loop.go:291.10,292.9 1 1
github.com/joeycumines/go-eventloop/internal/alternatetwo/loop.go:294.3,294.25 1 1
github.com/joeycumines/go-eventloop/internal/alternatetwo/loop.go:299.34,304.25 3 1
github.com/joeycumines/go-eventloop/internal/alternatetwo/loop.go:304.25,307.3 2 1
github.com/joeycumines/go-eventloop/internal/alternatetwo/loop.go:311.36,314.30 2 1
github.com/joeycumines/go-eventloop/internal/alternatetwo/loop.go:314.30,316.16 2 1
github.com/joeycumines/go-eventloop/internal/alternatetwo/loop.go:316.16,317.9 1 1
github.com/joeycumines/go-eventloop/internal/alternatetwo/loop.go:319.3,319.20 1 1
github.com/joeycumines/go-eventloop/internal/alternatetwo/loop.go:324.23,326.34 2 1
github.com/joeycumines/go-eventloop/internal/alternatetwo/loop.go:326.34,328.3 1 0
github.com/joeycumines/go-eventloop/internal/alternatetwo/loop.go:331.2,331.57 1 1
github.com/joeycumines/go-eventloop/internal/alternatetwo/loop.go:331.57,333.3 1 0
github.com/joeycumines/go-eventloop/internal/alternatetwo/loop.go:336.2,336.83 1 1
github.com/joeycumines/go-eventloop/internal/alternatetwo/loop.go:336.83,339.3 2 1
github.com/joeycumines/go-eventloop/internal/alternatetwo/loop.go:343.2,343.40 1 1
github.com/joeycumines/go-eventloop/internal/alternatetwo/loop.go:343.40,345.3 1 0
github.com/joeycumines/go-eventloop/internal/alternatetwo/loop.go:349.2,352.16 3 1
github.com/joeycumines/go-eventloop/internal/alternatetwo/loop.go:352.16,355.3 2 0
github.com/joeycumines/go-eventloop/internal/alternatetwo/loop.go:357.2,357.52 1 1
github.com/joeycumines/go-eventloop/internal/alternatetwo/loop.go:361.34,362.6 1 1
github.com/joeycumines/go-eventloop/internal/alternatetwo/loop.go:362.6,364.17 2 1
github.com/joeycumines/go-eventloop/internal/alternatetwo/loop.go:364.17,365.9 1 1
github.com/joeycumines/go-eventloop/internal/alternatetwo/loop.go:368.2,368.24 1 1
github.com/joeycumines/go-eventloop/internal/alternatetwo/loop.go:372.37,379.2 4 1
github.com/joeycumines/go-eventloop/internal/alternatetwo/loop.go:382.40,384.59 2 1
github.com/joeycumines/go-eventloop/internal/alternatetwo/loop.go:384.59,386.3 1 1
github.com/joeycumines/go-eventloop/internal/alternatetwo/loop.go:388.2,391.37 2 1
github.com/joeycumines/go-eventloop/internal/alternatetwo/loop.go:391.37,392.41 1 1
github.com/joeycumines/go-eventloop/internal/alternatetwo/loop.go:392.41,394.4 1 1
github.com/joeycumines/go-eventloop/internal/alternatetwo/loop.go:397.2,397.12 1 1
github.com/joeycumines/go-eventloop/internal/alternatetwo/loop.go:401.48,403.30 2 1
github.com/joeycumines/go-eventloop/internal/alternatetwo/loop.go:403.30,405.3 1 0
github.com/joeycumines/go-eventloop/internal/alternatetwo/loop.go:407.2,409.37 2 1
github.com/joeycumines/go-eventloop/internal/alternatetwo/loop.go:409.37,410.41 1 0
github.com/joeycumines/go-eventloop/internal/alternatetwo/loop.go:410.41,412.4 1 0
github.com/joeycumines/go-eventloop/internal/alternatetwo/loop.go:415.2,415.12 1 1
github.com/joeycumines/go-eventloop/internal/alternatetwo/loop.go:419.51,421.30 2 1
github.com/joeycumines/go-eventloop/internal/alternatetwo/loop.go:421.30,423.3 1 0
github.com/joeycumines/go-eventloop/internal/alternatetwo/loop.go:425.2,425.28 1 1
github.com/joeycumines/go-eventloop/internal/alternatetwo/loop.go:425.28,427.3 1 0
github.com/joeycumines/go-eventloop/internal/alternatetwo/loop.go:429.2,429.12 1 1
github.com/joeycumines/go-eventloop/internal/alternatetwo/loop.go:433.79,435.2 1 0
github.com/joeycumines/go-eventloop/internal/alternatetwo/loop.go:438.43,440.2 1 0
github.com/joeycumines/go-eventloop/internal/alternatetwo/loop.go:443.44,445.42 2 0
github.com/joeycumines/go-eventloop/internal/alternatetwo/loop.go:445.42,447.3 1 0
github.com/joeycumines/go-eventloop/internal/alternatetwo/loop.go:448.2,448.48 1 0
github.com/joeycumines/go-eventloop/internal/alternatetwo/loop.go:452.39,453.15 1 1
github.com/joeycumines/go-eventloop/internal/alternatetwo/loop.go:453.15,455.3 1 0
github.com/joeycumines/go-eventloop/internal/alternatetwo/loop.go:457.2,457.15 1 1
github.com/joeycumines/go-eventloop/internal/alternatetwo/loop.go:457.15,458.31 1 1
github.com/joeycumines/go-eventloop/internal/alternatetwo/loop.go:458.32,461.4 0 0
github.com/joeycumines/go-eventloop/internal/alternatetwo/loop.go:464.2,464.6 1 1
github.com/joeycumines/go-eventloop/internal/alternatetwo/loop.go:468.27,471.35 3 1
github.com/joeycumines/go-eventloop/internal/alternatetwo/loop.go:471.35,473.3 1 1
github.com/joeycumines/go-eventloop/internal/alternatetwo/loop.go:477.36,479.17 2 1
github.com/joeycumines/go-eventloop/internal/alternatetwo/loop.go:479.17,481.3 1 1
github.com/joeycumines/go-eventloop/internal/alternatetwo/loop.go:482.2,482.35 1 1
github.com/joeycumines/go-eventloop/internal/alternatetwo/loop.go:486.30,490.41 4 1
github.com/joeycumines/go-eventloop/internal/alternatetwo/loop.go:490.41,491.37 1 1
github.com/joeycumines/go-eventloop/internal/alternatetwo/loop.go:491.37,493.4 1 1
github.com/joeycumines/go-eventloop/internal/alternatetwo/loop.go:493.9,494.9 1 1
github.com/joeycumines/go-eventloop/internal/alternatetwo/loop.go:497.2,497.11 1 1
github.com/joeycumines/go-eventloop/internal/alternatetwo/loop.go:501.34,503.2 1 1
github.com/joeycumines/go-eventloop/internal/alternatetwo/loop.go:511.30,512.6 1 1
github.com/joeycumines/go-eventloop/internal/alternatetwo/loop.go:512.6,514.38 2 1
github.com/joeycumines/go-eventloop/internal/alternatetwo/loop.go:514.38,516.4 1 1
github.com/joeycumines/go-eventloop/internal/alternatetwo/loop.go:518.3,518.60 1 1
github.com/joeycumines/go-eventloop/internal/alternatetwo/loop.go:518.60,519.34 1 1
github.com/joeycumines/go-eventloop/internal/alternatetwo/loop.go:519.34,524.5 3 1
github.com/joeycumines/go-eventloop/internal/alternatetwo/loop.go:525.4,525.37 1 0
github.com/joeycumines/go-eventloop/internal/alternatetwo/loop.go:525.37,527.5 1 0
github.com/joeycumines/go-eventloop/internal/alternatetwo/loop.go:528.4,528.14 1 0
github.com/joeycumines/go-eventloop/internal/alternatetwo/poller_darwin.go:62.35,63.21 1 1
github.com/joeycumines/go-eventloop/internal/alternatetwo/poller_darwin.go:63.21,65.3 1 0
github.com/joeycumines/go-eventloop/internal/alternatetwo/poller_darwin.go:67.2,68.16 2 1
github.com/joeycumines/go-eventloop/internal/alternatetwo/poller_darwin.go:68.16,70.3 1 0
github.com/joeycumines/go-eventloop/internal/alternatetwo/poller_darwin.go:71.2,73.12 3 1
github.com/joeycumines/go-eventloop/internal/alternatetwo/poller_darwin.go:77.36,79.14 2 1
github.com/joeycumines/go-eventloop/internal/alternatetwo/poller_darwin.go:79.14,81.3 1 1
github.com/joeycumines/go-eventloop/internal/alternatetwo/poller_darwin.go:82.2,82.12 1 0
github.com/joeycumines/go-eventloop/internal/alternatetwo/poller_darwin.go:86.79,87.21 1 1
github.com/joeycumines/go-eventloop/internal/alternatetwo/poller_darwin.go:87.21,89.3 1 0
github.com/joeycumines/go-eventloop/internal/alternatetwo/poller_darwin.go:90.2,90.28 1 1
github.com/joeycumines/go-eventloop/internal/alternatetwo/poller_darwin.go:90.28,92.3 1 0
github.com/joeycumines/go-eventloop/internal/alternatetwo/poller_darwin.go:93.2,93.22 1 1
github.com/joeycumines/go-eventloop/internal/alternatetwo/poller_darwin.go:93.22,95.3 1 0
github.com/joeycumines/go-eventloop/internal/alternatetwo/poller_darwin.go:97.2,101.22 4 1
github.com/joeycumines/go-eventloop/internal/alternatetwo/poller_darwin.go:101.22,103.17 2 1
github.com/joeycumines/go-eventloop/internal/alternatetwo/poller_darwin.go:103.17,106.4 2 0
github.com/joeycumines/go-eventloop/internal/alternatetwo/poller_darwin.go:108.2,108.12 1 1
github.com/joeycumines/go-eventloop/internal/alternatetwo/poller_darwin.go:112.49,113.28 1 0
github.com/joeycumines/go-eventloop/internal/alternatetwo/poller_darwin.go:113.28,115.3 1 0
github.com/joeycumines/go-eventloop/internal/alternatetwo/poller_darwin.go:116.2,116.23 1 0
github.com/joeycumines/go-eventloop/internal/alternatetwo/poller_darwin.go:116.23,118.3 1 0
github.com/joeycumines/go-eventloop/internal/alternatetwo/poller_darwin.go:120.2,125.22 5 0
github.com/joeycumines/go-eventloop/internal/alternatetwo/poller_darwin.go:125.22,127.3 1 0
github.com/joeycumines/go-eventloop/internal/alternatetwo/poller_darwin.go:128.2,128.12 1 0
github.com/joeycumines/go-eventloop/internal/alternatetwo/poller_darwin.go:132.62,133.28 1 0
github.com/joeycumines/go-eventloop/internal/alternatetwo/poller_darwin.go:133.28,135.3 1 0
github.com/joeycumines/go-eventloop/internal/alternatetwo/poller_darwin.go:136.2,136.23 1 0
github.com/joeycumines/go-eventloop/internal/alternatetwo/poller_darwin.go:136.23,138.3 1 0
github.com/joeycumines/go-eventloop/internal/alternatetwo/poller_darwin.go:140.2,145.28 4 0
github.com/joeycumines/go-eventloop/internal/alternatetwo/poller_darwin.go:145.28,147.26 2 0
github.com/joeycumines/go-eventloop/internal/alternatetwo/poller_darwin.go:147.26,149.4 1 0
github.com/joeycumines/go-eventloop/internal/alternatetwo/poller_darwin.go:153.2,153.28 1 0
github.com/joeycumines/go-eventloop/internal/alternatetwo/poller_darwin.go:153.28,155.26 2 0
github.com/joeycumines/go-eventloop/internal/alternatetwo/poller_darwin.go:155.26,156.74 1 0
github.com/joeycumines/go-eventloop/internal/alternatetwo/poller_darwin.go:156.74,158.5 1 0
github.com/joeycumines/go-eventloop/internal/alternatetwo/poller_darwin.go:161.2,161.12 1 0
github.com/joeycumines/go-eventloop/internal/alternatetwo/poller_darwin.go:165.57,166.21 1 1
github.com/joeycumines/go-eventloop/internal/alternatetwo/poller_darwin.go:166.21,168.3 1 0
github.com/joeycumines/go-eventloop/internal/alternatetwo/poller_darwin.go:170.2,173.20 3 1
github.com/joeycumines/go-eventloop/internal/alternatetwo/poller_darwin.go:173.20,178.3 1 1
github.com/joeycumines/go-eventloop/internal/alternatetwo/poller_darwin.go:180.2,181.16 2 1
github.com/joeycumines/go-eventloop/internal/alternatetwo/poller_darwin.go:181.16,182.24 1 0
github.com/joeycumines/go-eventloop/internal/alternatetwo/poller_darwin.go:182.24,184.4 1 0
github.com/joeycumines/go-eventloop/internal/alternatetwo/poller_darwin.go:185.3,185.16 1 0
github.com/joeycumines/go-eventloop/internal/alternatetwo/poller_darwin.go:189.2,189.27 1 1
github.com/joeycumines/go-eventloop/internal/alternatetwo/poller_darwin.go:189.27,191.3 1 0
github.com/joeycumines/go-eventloop/internal/alternatetwo/poller_darwin.go:194.2,196.15 2 1
github.com/joeycumines/go-eventloop/internal/alternatetwo/poller_darwin.go:200.44,201.25 1 1
github.com/joeycumines/go-eventloop/internal/alternatetwo/poller_darwin.go:201.25,203.29 2 1
github.com/joeycumines/go-eventloop/internal/alternatetwo/poller_darwin.go:203.29,205.43 2 1
github.com/joeycumines/go-eventloop/internal/alternatetwo/poller_darwin.go:205.43,208.5 2 1
github.com/joeycumines/go-eventloop/internal/alternatetwo/poller_darwin.go:214.77,217.27 2 1
github.com/joeycumines/go-eventloop/internal/alternatetwo/poller_darwin.go:217.27,223.3 1 1
github.com/joeycumines/go-eventloop/internal/alternatetwo/poller_darwin.go:225.2,225.28 1 1
github.com/joeycumines/go-eventloop/internal/alternatetwo/poller_darwin.go:225.28,231.3 1 0
github.com/joeycumines/go-eventloop/internal/alternatetwo/poller_darwin.go:233.2,233.16 1 1
github.com/joeycumines/go-eventloop/internal/alternatetwo/poller_darwin.go:237.50,239.20 2 1
github.com/joeycumines/go-eventloop/internal/alternatetwo/poller_darwin.go:240.24,241.22 1 1
github.com/joeycumines/go-eventloop/internal/alternatetwo/poller_darwin.go:242.25,243.23 1 0
github.com/joeycumines/go-eventloop/internal/alternatetwo/poller_darwin.go:245.2,245.34 1 1
github.com/joeycumines/go-eventloop/internal/alternatetwo/poller_darwin.go:245.34,247.3 1 0
github.com/joeycumines/go-eventloop/internal/alternatetwo/poller_darwin.go:248.2,248.32 1 1
github.com/joeycumines/go-eventloop/internal/alternatetwo/poller_darwin.go:248.32,250.3 1 0
github.com/joeycumines/go-eventloop/internal/alternatetwo/poller_darwin.go:251.2,251.15 1 1
github.com/joeycumines/go-eventloop/internal/alternatetwo/state.go:24.36,25.11 1 0
github.com/joeycumines/go-eventloop/internal/alternatetwo/state.go:26.18,27.17 1 0
github.com/joeycumines/go-eventloop/internal/alternatetwo/state.go:28.20,29.19 1 0
github.com/joeycumines/go-eventloop/internal/alternatetwo/state.go:30.21,31.20 1 0
github.com/joeycumines/go-eventloop/internal/alternatetwo/state.go:32.24,33.23 1 0
github.com/joeycumines/go-eventloop/internal/alternatetwo/state.go:34.23,35.22 1 0
github.com/joeycumines/go-eventloop/internal/alternatetwo/state.go:36.10,37.19 1 0
github.com/joeycumines/go-eventloop/internal/alternatetwo/state.go:52.32,56.2 3 1
github.com/joeycumines/go-eventloop/internal/alternatetwo/state.go:60.38,62.2 1 1
github.com/joeycumines/go-eventloop/internal/alternatetwo/state.go:66.44,68.2 1 1
github.com/joeycumines/go-eventloop/internal/alternatetwo/state.go:73.60,75.2 1 1
github.com/joeycumines/go-eventloop/internal/alternatetwo/state.go:80.77,81.33 1 0
github.com/joeycumines/go-eventloop/internal/alternatetwo/state.go:81.33,82.51 1 0
github.com/joeycumines/go-eventloop/internal/alternatetwo/state.go:82.51,84.4 1 0
github.com/joeycumines/go-eventloop/internal/alternatetwo/state.go:86.2,86.14 1 0
github.com/joeycumines/go-eventloop/internal/alternatetwo/state.go:90.39,92.2 1 0
github.com/joeycumines/go-eventloop/internal/alternatetwo/state.go:95.38,98.2 2 0
github.com/joeycumines/go-eventloop/internal/alternatetwo/state.go:101.42,104.2 2 0
github.com/joeycumines/go-eventloop/internal/alternatetwo/wakeup_darwin.go:18.62,21.16 3 1
github.com/joeycumines/go-eventloop/internal/alternatetwo/wakeup_darwin.go:21.16,23.3 1 0
github.com/joeycumines/go-eventloop/internal/alternatetwo/wakeup_darwin.go:26.2,31.28 5 1
