mode: set
github.com/joeycumines/go-eventloop/internal/alternatethree/ingress.go:11.18,13.3 1 1
github.com/joeycumines/go-eventloop/internal/alternatethree/ingress.go:49.24,56.2 5 1
github.com/joeycumines/go-eventloop/internal/alternatethree/ingress.go:61.28,64.36 1 1
github.com/joeycumines/go-eventloop/internal/alternatethree/ingress.go:64.36,66.3 1 1
github.com/joeycumines/go-eventloop/internal/alternatethree/ingress.go:67.2,70.18 4 1
github.com/joeycumines/go-eventloop/internal/alternatethree/ingress.go:77.40,78.19 1 1
github.com/joeycumines/go-eventloop/internal/alternatethree/ingress.go:78.19,81.3 2 1
github.com/joeycumines/go-eventloop/internal/alternatethree/ingress.go:83.2,83.37 1 1
github.com/joeycumines/go-eventloop/internal/alternatethree/ingress.go:83.37,88.3 3 1
github.com/joeycumines/go-eventloop/internal/alternatethree/ingress.go:90.2,92.12 3 1
github.com/joeycumines/go-eventloop/internal/alternatethree/ingress.go:104.49,105.19 1 1
github.com/joeycumines/go-eventloop/internal/alternatethree/ingress.go:105.19,107.3 1 1
github.com/joeycumines/go-eventloop/internal/alternatethree/ingress.go:110.2,110.34 1 1
github.com/joeycumines/go-eventloop/internal/alternatethree/ingress.go:110.34,112.23 1 1
github.com/joeycumines/go-eventloop/internal/alternatethree/ingress.go:112.23,120.4 3 1
github.com/joeycumines/go-eventloop/internal/alternatethree/ingress.go:122.3,125.23 3 0
github.com/joeycumines/go-eventloop/internal/alternatethree/ingress.go:129.2,129.34 1 1
github.com/joeycumines/go-eventloop/internal/alternatethree/ingress.go:129.34,131.3 1 0
github.com/joeycumines/go-eventloop/internal/alternatethree/ingress.go:134.2,141.34 5 1
github.com/joeycumines/go-eventloop/internal/alternatethree/ingress.go:141.34,142.23 1 1
github.com/joeycumines/go-eventloop/internal/alternatethree/ingress.go:142.23,150.4 3 1
github.com/joeycumines/go-eventloop/internal/alternatethree/ingress.go:152.3,155.23 3 1
github.com/joeycumines/go-eventloop/internal/alternatethree/ingress.go:158.2,158.19 1 1
github.com/joeycumines/go-eventloop/internal/alternatethree/ingress.go:173.37,175.2 1 1
github.com/joeycumines/go-eventloop/internal/alternatethree/loop.go:143.40,143.57 1 1
github.com/joeycumines/go-eventloop/internal/alternatethree/loop.go:144.40,144.78 1 0
github.com/joeycumines/go-eventloop/internal/alternatethree/loop.go:145.40,145.67 1 1
github.com/joeycumines/go-eventloop/internal/alternatethree/loop.go:147.33,149.2 1 1
github.com/joeycumines/go-eventloop/internal/alternatethree/loop.go:151.31,157.2 5 1
github.com/joeycumines/go-eventloop/internal/alternatethree/loop.go:161.27,165.16 2 1
github.com/joeycumines/go-eventloop/internal/alternatethree/loop.go:165.16,167.3 1 0
github.com/joeycumines/go-eventloop/internal/alternatethree/loop.go:169.2,184.51 4 1
github.com/joeycumines/go-eventloop/internal/alternatethree/loop.go:184.51,186.28 2 0
github.com/joeycumines/go-eventloop/internal/alternatethree/loop.go:186.28,188.4 1 0
github.com/joeycumines/go-eventloop/internal/alternatethree/loop.go:189.3,189.18 1 0
github.com/joeycumines/go-eventloop/internal/alternatethree/loop.go:193.2,193.62 1 1
github.com/joeycumines/go-eventloop/internal/alternatethree/loop.go:193.62,195.3 1 1
github.com/joeycumines/go-eventloop/internal/alternatethree/loop.go:195.17,198.28 3 0
github.com/joeycumines/go-eventloop/internal/alternatethree/loop.go:198.28,200.4 1 0
github.com/joeycumines/go-eventloop/internal/alternatethree/loop.go:201.3,201.18 1 0
github.com/joeycumines/go-eventloop/internal/alternatethree/loop.go:204.2,204.18 1 1
github.com/joeycumines/go-eventloop/internal/alternatethree/loop.go:222.47,224.22 1 1
github.com/joeycumines/go-eventloop/internal/alternatethree/loop.go:224.22,226.3 1 0
github.com/joeycumines/go-eventloop/internal/alternatethree/loop.go:230.2,230.69 1 1
github.com/joeycumines/go-eventloop/internal/alternatethree/loop.go:230.69,233.38 2 1
github.com/joeycumines/go-eventloop/internal/alternatethree/loop.go:233.38,235.4 1 0
github.com/joeycumines/go-eventloop/internal/alternatethree/loop.go:237.3,237.31 1 1
github.com/joeycumines/go-eventloop/internal/alternatethree/loop.go:242.2,251.12 4 1
github.com/joeycumines/go-eventloop/internal/alternatethree/loop.go:279.52,281.23 2 1
github.com/joeycumines/go-eventloop/internal/alternatethree/loop.go:281.23,283.3 1 1
github.com/joeycumines/go-eventloop/internal/alternatethree/loop.go:285.2,285.68 1 1
github.com/joeycumines/go-eventloop/internal/alternatethree/loop.go:285.68,288.3 1 0
github.com/joeycumines/go-eventloop/internal/alternatethree/loop.go:289.2,289.20 1 1
github.com/joeycumines/go-eventloop/internal/alternatethree/loop.go:294.56,296.6 1 1
github.com/joeycumines/go-eventloop/internal/alternatethree/loop.go:296.6,298.74 2 1
github.com/joeycumines/go-eventloop/internal/alternatethree/loop.go:298.74,300.4 1 0
github.com/joeycumines/go-eventloop/internal/alternatethree/loop.go:302.3,302.75 1 1
github.com/joeycumines/go-eventloop/internal/alternatethree/loop.go:302.75,305.34 1 1
github.com/joeycumines/go-eventloop/internal/alternatethree/loop.go:305.34,309.5 3 1
github.com/joeycumines/go-eventloop/internal/alternatethree/loop.go:312.4,312.37 1 1
github.com/joeycumines/go-eventloop/internal/alternatethree/loop.go:312.37,314.5 1 1
github.com/joeycumines/go-eventloop/internal/alternatethree/loop.go:315.4,315.9 1 1
github.com/joeycumines/go-eventloop/internal/alternatethree/loop.go:321.2,321.23 1 1
github.com/joeycumines/go-eventloop/internal/alternatethree/loop.go:321.23,323.3 1 0
github.com/joeycumines/go-eventloop/internal/alternatethree/loop.go:326.2,326.9 1 1
github.com/joeycumines/go-eventloop/internal/alternatethree/loop.go:327.20,328.13 1 1
github.com/joeycumines/go-eventloop/internal/alternatethree/loop.go:329.20,330.19 1 1
github.com/joeycumines/go-eventloop/internal/alternatethree/loop.go:336.41,345.6 5 1
github.com/joeycumines/go-eventloop/internal/alternatethree/loop.go:345.6,347.10 1 1
github.com/joeycumines/go-eventloop/internal/alternatethree/loop.go:348.21,351.65 2 0
github.com/joeycumines/go-eventloop/internal/alternatethree/loop.go:351.65,353.5 1 0
github.com/joeycumines/go-eventloop/internal/alternatethree/loop.go:354.11,354.11 0 1
github.com/joeycumines/go-eventloop/internal/alternatethree/loop.go:358.3,358.52 1 1
github.com/joeycumines/go-eventloop/internal/alternatethree/loop.go:358.52,361.4 2 1
github.com/joeycumines/go-eventloop/internal/alternatethree/loop.go:363.3,363.14 1 1
github.com/joeycumines/go-eventloop/internal/alternatethree/loop.go:383.27,409.6 2 1
github.com/joeycumines/go-eventloop/internal/alternatethree/loop.go:409.6,411.10 2 1
github.com/joeycumines/go-eventloop/internal/alternatethree/loop.go:411.10,412.9 1 1
github.com/joeycumines/go-eventloop/internal/alternatethree/loop.go:416.3,416.19 1 0
github.com/joeycumines/go-eventloop/internal/alternatethree/loop.go:420.2,425.6 3 1
github.com/joeycumines/go-eventloop/internal/alternatethree/loop.go:425.6,432.45 3 1
github.com/joeycumines/go-eventloop/internal/alternatethree/loop.go:432.45,434.9 1 1
github.com/joeycumines/go-eventloop/internal/alternatethree/loop.go:442.2,443.12 2 1
github.com/joeycumines/go-eventloop/internal/alternatethree/loop.go:443.12,446.3 2 1
github.com/joeycumines/go-eventloop/internal/alternatethree/loop.go:447.2,447.9 1 1
github.com/joeycumines/go-eventloop/internal/alternatethree/loop.go:448.23,448.23 0 1
github.com/joeycumines/go-eventloop/internal/alternatethree/loop.go:450.44,450.44 0 0
github.com/joeycumines/go-eventloop/internal/alternatethree/loop.go:458.2,468.14 4 1
github.com/joeycumines/go-eventloop/internal/alternatethree/loop.go:477.27,488.35 3 1
github.com/joeycumines/go-eventloop/internal/alternatethree/loop.go:488.35,490.3 1 1
github.com/joeycumines/go-eventloop/internal/alternatethree/loop.go:514.30,515.6 1 1
github.com/joeycumines/go-eventloop/internal/alternatethree/loop.go:515.6,517.38 2 1
github.com/joeycumines/go-eventloop/internal/alternatethree/loop.go:517.38,519.4 1 0
github.com/joeycumines/go-eventloop/internal/alternatethree/loop.go:521.3,521.75 1 1
github.com/joeycumines/go-eventloop/internal/alternatethree/loop.go:521.75,529.37 2 1
github.com/joeycumines/go-eventloop/internal/alternatethree/loop.go:529.37,531.5 1 1
github.com/joeycumines/go-eventloop/internal/alternatethree/loop.go:532.4,532.9 1 1
github.com/joeycumines/go-eventloop/internal/alternatethree/loop.go:538.2,540.12 2 1
github.com/joeycumines/go-eventloop/internal/alternatethree/loop.go:544.42,578.2 9 1
github.com/joeycumines/go-eventloop/internal/alternatethree/loop.go:582.34,584.31 1 1
github.com/joeycumines/go-eventloop/internal/alternatethree/loop.go:584.31,586.3 1 0
github.com/joeycumines/go-eventloop/internal/alternatethree/loop.go:589.2,592.28 3 1
github.com/joeycumines/go-eventloop/internal/alternatethree/loop.go:592.28,593.25 1 0
github.com/joeycumines/go-eventloop/internal/alternatethree/loop.go:593.25,599.4 2 0
github.com/joeycumines/go-eventloop/internal/alternatethree/loop.go:602.3,609.13 5 0
github.com/joeycumines/go-eventloop/internal/alternatethree/loop.go:613.2,613.73 1 1
github.com/joeycumines/go-eventloop/internal/alternatethree/loop.go:613.73,617.3 3 0
github.com/joeycumines/go-eventloop/internal/alternatethree/loop.go:624.44,626.31 2 1
github.com/joeycumines/go-eventloop/internal/alternatethree/loop.go:626.31,629.3 2 1
github.com/joeycumines/go-eventloop/internal/alternatethree/loop.go:632.2,638.26 5 1
github.com/joeycumines/go-eventloop/internal/alternatethree/loop.go:638.26,641.3 2 1
github.com/joeycumines/go-eventloop/internal/alternatethree/loop.go:644.2,645.13 2 1
github.com/joeycumines/go-eventloop/internal/alternatethree/loop.go:650.52,655.28 2 1
github.com/joeycumines/go-eventloop/internal/alternatethree/loop.go:655.28,657.3 1 1
github.com/joeycumines/go-eventloop/internal/alternatethree/loop.go:658.2,662.30 3 1
github.com/joeycumines/go-eventloop/internal/alternatethree/loop.go:662.30,664.10 2 1
github.com/joeycumines/go-eventloop/internal/alternatethree/loop.go:664.10,665.9 1 1
github.com/joeycumines/go-eventloop/internal/alternatethree/loop.go:667.3,667.27 1 1
github.com/joeycumines/go-eventloop/internal/alternatethree/loop.go:671.2,675.26 3 1
github.com/joeycumines/go-eventloop/internal/alternatethree/loop.go:675.26,685.32 3 1
github.com/joeycumines/go-eventloop/internal/alternatethree/loop.go:685.32,687.4 1 0
github.com/joeycumines/go-eventloop/internal/alternatethree/loop.go:691.2,691.47 1 1
github.com/joeycumines/go-eventloop/internal/alternatethree/loop.go:691.47,693.3 1 0
github.com/joeycumines/go-eventloop/internal/alternatethree/loop.go:696.2,696.29 1 1
github.com/joeycumines/go-eventloop/internal/alternatethree/loop.go:714.64,725.59 3 1
github.com/joeycumines/go-eventloop/internal/alternatethree/loop.go:725.59,727.3 1 0
github.com/joeycumines/go-eventloop/internal/alternatethree/loop.go:731.2,731.72 1 1
github.com/joeycumines/go-eventloop/internal/alternatethree/loop.go:731.72,734.3 1 1
github.com/joeycumines/go-eventloop/internal/alternatethree/loop.go:741.2,751.39 7 1
github.com/joeycumines/go-eventloop/internal/alternatethree/loop.go:751.39,759.3 2 1
github.com/joeycumines/go-eventloop/internal/alternatethree/loop.go:767.2,770.12 2 1
github.com/joeycumines/go-eventloop/internal/alternatethree/loop.go:770.12,772.3 1 0
github.com/joeycumines/go-eventloop/internal/alternatethree/loop.go:780.2,781.16 2 1
github.com/joeycumines/go-eventloop/internal/alternatethree/loop.go:781.16,790.3 4 1
github.com/joeycumines/go-eventloop/internal/alternatethree/loop.go:797.2,797.59 1 1
github.com/joeycumines/go-eventloop/internal/alternatethree/loop.go:797.59,799.3 1 0
github.com/joeycumines/go-eventloop/internal/alternatethree/loop.go:803.2,803.72 1 1
github.com/joeycumines/go-eventloop/internal/alternatethree/loop.go:803.72,807.3 1 1
github.com/joeycumines/go-eventloop/internal/alternatethree/loop.go:810.34,816.6 2 1
github.com/joeycumines/go-eventloop/internal/alternatethree/loop.go:816.6,818.17 2 1
github.com/joeycumines/go-eventloop/internal/alternatethree/loop.go:818.17,819.15 1 1
github.com/joeycumines/go-eventloop/internal/alternatethree/loop.go:820.21,823.15 2 1
github.com/joeycumines/go-eventloop/internal/alternatethree/loop.go:824.20,826.13 1 0
github.com/joeycumines/go-eventloop/internal/alternatethree/loop.go:827.20,832.11 2 0
github.com/joeycumines/go-eventloop/internal/alternatethree/loop.go:833.12,837.11 2 0
github.com/joeycumines/go-eventloop/internal/alternatethree/loop.go:844.2,844.13 1 1
github.com/joeycumines/go-eventloop/internal/alternatethree/loop.go:844.13,846.3 1 1
github.com/joeycumines/go-eventloop/internal/alternatethree/loop.go:849.39,853.23 2 1
github.com/joeycumines/go-eventloop/internal/alternatethree/loop.go:853.23,857.16 4 1
github.com/joeycumines/go-eventloop/internal/alternatethree/loop.go:857.16,859.4 1 0
github.com/joeycumines/go-eventloop/internal/alternatethree/loop.go:860.3,860.23 1 1
github.com/joeycumines/go-eventloop/internal/alternatethree/loop.go:860.23,862.4 1 1
github.com/joeycumines/go-eventloop/internal/alternatethree/loop.go:867.2,867.49 1 1
github.com/joeycumines/go-eventloop/internal/alternatethree/loop.go:867.49,869.3 1 0
github.com/joeycumines/go-eventloop/internal/alternatethree/loop.go:871.2,871.37 1 1
github.com/joeycumines/go-eventloop/internal/alternatethree/loop.go:876.37,890.2 4 1
github.com/joeycumines/go-eventloop/internal/alternatethree/loop.go:903.40,913.73 4 1
github.com/joeycumines/go-eventloop/internal/alternatethree/loop.go:913.73,916.3 2 0
github.com/joeycumines/go-eventloop/internal/alternatethree/loop.go:918.2,923.44 3 1
github.com/joeycumines/go-eventloop/internal/alternatethree/loop.go:923.44,926.49 1 1
github.com/joeycumines/go-eventloop/internal/alternatethree/loop.go:926.49,929.43 1 1
github.com/joeycumines/go-eventloop/internal/alternatethree/loop.go:929.43,931.5 1 0
github.com/joeycumines/go-eventloop/internal/alternatethree/loop.go:935.2,935.12 1 1
github.com/joeycumines/go-eventloop/internal/alternatethree/loop.go:943.29,945.28 2 0
github.com/joeycumines/go-eventloop/internal/alternatethree/loop.go:945.28,948.3 1 0
github.com/joeycumines/go-eventloop/internal/alternatethree/loop.go:951.2,951.48 1 0
github.com/joeycumines/go-eventloop/internal/alternatethree/loop.go:951.48,953.42 1 0
github.com/joeycumines/go-eventloop/internal/alternatethree/loop.go:953.42,956.4 2 0
github.com/joeycumines/go-eventloop/internal/alternatethree/loop.go:957.3,957.13 1 0
github.com/joeycumines/go-eventloop/internal/alternatethree/loop.go:962.2,962.12 1 0
github.com/joeycumines/go-eventloop/internal/alternatethree/loop.go:967.36,969.17 2 1
github.com/joeycumines/go-eventloop/internal/alternatethree/loop.go:969.17,971.3 1 1
github.com/joeycumines/go-eventloop/internal/alternatethree/loop.go:972.2,972.35 1 1
github.com/joeycumines/go-eventloop/internal/alternatethree/loop.go:977.30,982.41 4 1
github.com/joeycumines/go-eventloop/internal/alternatethree/loop.go:982.41,983.37 1 1
github.com/joeycumines/go-eventloop/internal/alternatethree/loop.go:983.37,985.4 1 1
github.com/joeycumines/go-eventloop/internal/alternatethree/loop.go:985.9,986.9 1 1
github.com/joeycumines/go-eventloop/internal/alternatethree/loop.go:989.2,989.11 1 1
github.com/joeycumines/go-eventloop/internal/alternatethree/loop.go:1001.48,1009.37 3 1
github.com/joeycumines/go-eventloop/internal/alternatethree/loop.go:1009.37,1012.3 2 0
github.com/joeycumines/go-eventloop/internal/alternatethree/loop.go:1015.2,1019.44 3 1
github.com/joeycumines/go-eventloop/internal/alternatethree/loop.go:1019.44,1020.49 1 1
github.com/joeycumines/go-eventloop/internal/alternatethree/loop.go:1020.49,1021.43 1 1
github.com/joeycumines/go-eventloop/internal/alternatethree/loop.go:1021.43,1023.5 1 0
github.com/joeycumines/go-eventloop/internal/alternatethree/loop.go:1027.2,1027.12 1 1
github.com/joeycumines/go-eventloop/internal/alternatethree/loop.go:1036.44,1038.42 2 1
github.com/joeycumines/go-eventloop/internal/alternatethree/loop.go:1038.42,1041.3 1 0
github.com/joeycumines/go-eventloop/internal/alternatethree/loop.go:1042.2,1042.48 1 1
github.com/joeycumines/go-eventloop/internal/alternatethree/loop.go:1047.36,1048.23 1 1
github.com/joeycumines/go-eventloop/internal/alternatethree/loop.go:1048.23,1050.3 1 0
github.com/joeycumines/go-eventloop/internal/alternatethree/loop.go:1052.2,1052.15 1 1
github.com/joeycumines/go-eventloop/internal/alternatethree/loop.go:1052.15,1053.31 1 1
github.com/joeycumines/go-eventloop/internal/alternatethree/loop.go:1053.31,1056.4 1 0
github.com/joeycumines/go-eventloop/internal/alternatethree/loop.go:1059.2,1059.14 1 1
github.com/joeycumines/go-eventloop/internal/alternatethree/loop.go:1064.28,1066.24 2 1
github.com/joeycumines/go-eventloop/internal/alternatethree/loop.go:1066.24,1067.34 1 1
github.com/joeycumines/go-eventloop/internal/alternatethree/loop.go:1067.34,1068.9 1 0
github.com/joeycumines/go-eventloop/internal/alternatethree/loop.go:1071.3,1074.32 3 1
github.com/joeycumines/go-eventloop/internal/alternatethree/loop.go:1074.32,1076.4 1 0
github.com/joeycumines/go-eventloop/internal/alternatethree/loop.go:1083.68,1092.48 3 1
github.com/joeycumines/go-eventloop/internal/alternatethree/loop.go:1092.48,1094.3 1 1
github.com/joeycumines/go-eventloop/internal/alternatethree/loop.go:1099.45,1101.2 1 0
github.com/joeycumines/go-eventloop/internal/alternatethree/poller_darwin.go:57.39,62.2 3 1
github.com/joeycumines/go-eventloop/internal/alternatethree/poller_darwin.go:65.43,66.14 1 1
github.com/joeycumines/go-eventloop/internal/alternatethree/poller_darwin.go:66.14,68.3 1 0
github.com/joeycumines/go-eventloop/internal/alternatethree/poller_darwin.go:70.2,70.19 1 1
github.com/joeycumines/go-eventloop/internal/alternatethree/poller_darwin.go:70.19,72.3 1 1
github.com/joeycumines/go-eventloop/internal/alternatethree/poller_darwin.go:74.2,75.16 2 1
github.com/joeycumines/go-eventloop/internal/alternatethree/poller_darwin.go:75.16,77.3 1 0
github.com/joeycumines/go-eventloop/internal/alternatethree/poller_darwin.go:80.2,87.12 6 1
github.com/joeycumines/go-eventloop/internal/alternatethree/poller_darwin.go:91.40,95.20 3 1
github.com/joeycumines/go-eventloop/internal/alternatethree/poller_darwin.go:95.20,97.3 1 1
github.com/joeycumines/go-eventloop/internal/alternatethree/poller_darwin.go:99.2,103.12 5 1
github.com/joeycumines/go-eventloop/internal/alternatethree/poller_darwin.go:107.77,110.27 2 1
github.com/joeycumines/go-eventloop/internal/alternatethree/poller_darwin.go:110.27,116.3 1 1
github.com/joeycumines/go-eventloop/internal/alternatethree/poller_darwin.go:118.2,118.28 1 1
github.com/joeycumines/go-eventloop/internal/alternatethree/poller_darwin.go:118.28,124.3 1 0
github.com/joeycumines/go-eventloop/internal/alternatethree/poller_darwin.go:126.2,126.16 1 1
github.com/joeycumines/go-eventloop/internal/alternatethree/poller_darwin.go:150.90,154.52 3 1
github.com/joeycumines/go-eventloop/internal/alternatethree/poller_darwin.go:154.52,156.3 1 0
github.com/joeycumines/go-eventloop/internal/alternatethree/poller_darwin.go:159.2,159.51 1 1
github.com/joeycumines/go-eventloop/internal/alternatethree/poller_darwin.go:159.51,161.3 1 0
github.com/joeycumines/go-eventloop/internal/alternatethree/poller_darwin.go:164.2,165.23 2 1
github.com/joeycumines/go-eventloop/internal/alternatethree/poller_darwin.go:165.23,167.3 1 0
github.com/joeycumines/go-eventloop/internal/alternatethree/poller_darwin.go:170.2,171.16 2 1
github.com/joeycumines/go-eventloop/internal/alternatethree/poller_darwin.go:171.16,173.3 1 0
github.com/joeycumines/go-eventloop/internal/alternatethree/poller_darwin.go:176.2,181.12 2 1
github.com/joeycumines/go-eventloop/internal/alternatethree/poller_darwin.go:199.43,203.29 3 0
github.com/joeycumines/go-eventloop/internal/alternatethree/poller_darwin.go:203.29,205.3 1 0
github.com/joeycumines/go-eventloop/internal/alternatethree/poller_darwin.go:208.2,209.13 2 0
github.com/joeycumines/go-eventloop/internal/alternatethree/poller_darwin.go:209.13,211.3 1 0
github.com/joeycumines/go-eventloop/internal/alternatethree/poller_darwin.go:214.2,218.16 3 0
github.com/joeycumines/go-eventloop/internal/alternatethree/poller_darwin.go:218.16,220.25 1 0
github.com/joeycumines/go-eventloop/internal/alternatethree/poller_darwin.go:220.25,222.4 1 0
github.com/joeycumines/go-eventloop/internal/alternatethree/poller_darwin.go:226.2,228.12 2 0
github.com/joeycumines/go-eventloop/internal/alternatethree/poller_darwin.go:232.56,236.29 3 0
github.com/joeycumines/go-eventloop/internal/alternatethree/poller_darwin.go:236.29,238.3 1 0
github.com/joeycumines/go-eventloop/internal/alternatethree/poller_darwin.go:240.2,241.13 2 0
github.com/joeycumines/go-eventloop/internal/alternatethree/poller_darwin.go:241.13,243.3 1 0
github.com/joeycumines/go-eventloop/internal/alternatethree/poller_darwin.go:245.2,249.28 2 0
github.com/joeycumines/go-eventloop/internal/alternatethree/poller_darwin.go:249.28,251.26 2 0
github.com/joeycumines/go-eventloop/internal/alternatethree/poller_darwin.go:251.26,252.78 1 0
github.com/joeycumines/go-eventloop/internal/alternatethree/poller_darwin.go:252.78,255.27 1 0
github.com/joeycumines/go-eventloop/internal/alternatethree/poller_darwin.go:255.27,257.6 1 0
github.com/joeycumines/go-eventloop/internal/alternatethree/poller_darwin.go:263.2,263.28 1 0
github.com/joeycumines/go-eventloop/internal/alternatethree/poller_darwin.go:263.28,265.26 2 0
github.com/joeycumines/go-eventloop/internal/alternatethree/poller_darwin.go:265.26,266.78 1 0
github.com/joeycumines/go-eventloop/internal/alternatethree/poller_darwin.go:266.78,268.5 1 0
github.com/joeycumines/go-eventloop/internal/alternatethree/poller_darwin.go:272.2,273.12 2 0
github.com/joeycumines/go-eventloop/internal/alternatethree/poller_darwin.go:283.64,287.63 2 1
github.com/joeycumines/go-eventloop/internal/alternatethree/poller_darwin.go:287.63,290.3 2 0
github.com/joeycumines/go-eventloop/internal/alternatethree/poller_darwin.go:291.2,296.29 4 1
github.com/joeycumines/go-eventloop/internal/alternatethree/poller_darwin.go:296.29,298.3 1 0
github.com/joeycumines/go-eventloop/internal/alternatethree/poller_darwin.go:299.2,303.18 3 1
github.com/joeycumines/go-eventloop/internal/alternatethree/poller_darwin.go:303.18,308.3 1 1
github.com/joeycumines/go-eventloop/internal/alternatethree/poller_darwin.go:311.2,312.16 2 1
github.com/joeycumines/go-eventloop/internal/alternatethree/poller_darwin.go:312.16,313.24 1 1
github.com/joeycumines/go-eventloop/internal/alternatethree/poller_darwin.go:313.24,315.4 1 0
github.com/joeycumines/go-eventloop/internal/alternatethree/poller_darwin.go:316.3,316.16 1 1
github.com/joeycumines/go-eventloop/internal/alternatethree/poller_darwin.go:319.2,319.12 1 1
github.com/joeycumines/go-eventloop/internal/alternatethree/poller_darwin.go:319.12,321.3 1 1
github.com/joeycumines/go-eventloop/internal/alternatethree/poller_darwin.go:325.2,336.29 5 1
github.com/joeycumines/go-eventloop/internal/alternatethree/poller_darwin.go:336.29,339.3 2 0
github.com/joeycumines/go-eventloop/internal/alternatethree/poller_darwin.go:340.2,340.25 1 1
github.com/joeycumines/go-eventloop/internal/alternatethree/poller_darwin.go:340.25,343.35 3 1
github.com/joeycumines/go-eventloop/internal/alternatethree/poller_darwin.go:343.35,346.28 2 1
github.com/joeycumines/go-eventloop/internal/alternatethree/poller_darwin.go:347.26,348.27 1 1
github.com/joeycumines/go-eventloop/internal/alternatethree/poller_darwin.go:349.27,350.28 1 0
github.com/joeycumines/go-eventloop/internal/alternatethree/poller_darwin.go:352.4,352.42 1 1
github.com/joeycumines/go-eventloop/internal/alternatethree/poller_darwin.go:352.42,354.5 1 0
github.com/joeycumines/go-eventloop/internal/alternatethree/poller_darwin.go:355.4,355.40 1 1
github.com/joeycumines/go-eventloop/internal/alternatethree/poller_darwin.go:355.40,357.5 1 0
github.com/joeycumines/go-eventloop/internal/alternatethree/poller_darwin.go:358.4,361.6 1 1
github.com/joeycumines/go-eventloop/internal/alternatethree/poller_darwin.go:364.2,368.28 2 1
github.com/joeycumines/go-eventloop/internal/alternatethree/poller_darwin.go:368.28,370.3 1 1
github.com/joeycumines/go-eventloop/internal/alternatethree/poller_darwin.go:372.2,372.15 1 1
github.com/joeycumines/go-eventloop/internal/alternatethree/promise.go:50.40,54.2 3 1
github.com/joeycumines/go-eventloop/internal/alternatethree/promise.go:56.35,60.2 3 1
github.com/joeycumines/go-eventloop/internal/alternatethree/promise.go:63.45,69.24 3 1
github.com/joeycumines/go-eventloop/internal/alternatethree/promise.go:69.24,74.3 4 0
github.com/joeycumines/go-eventloop/internal/alternatethree/promise.go:77.2,79.11 3 1
github.com/joeycumines/go-eventloop/internal/alternatethree/promise.go:84.39,88.24 3 1
github.com/joeycumines/go-eventloop/internal/alternatethree/promise.go:88.24,90.3 1 1
github.com/joeycumines/go-eventloop/internal/alternatethree/promise.go:92.2,94.12 3 1
github.com/joeycumines/go-eventloop/internal/alternatethree/promise.go:98.37,102.24 3 1
github.com/joeycumines/go-eventloop/internal/alternatethree/promise.go:102.24,104.3 1 1
github.com/joeycumines/go-eventloop/internal/alternatethree/promise.go:106.2,108.12 3 1
github.com/joeycumines/go-eventloop/internal/alternatethree/promise.go:114.28,115.35 1 1
github.com/joeycumines/go-eventloop/internal/alternatethree/promise.go:115.35,117.10 1 1
github.com/joeycumines/go-eventloop/internal/alternatethree/promise.go:118.23,118.23 0 1
github.com/joeycumines/go-eventloop/internal/alternatethree/promise.go:119.11,121.74 1 0
github.com/joeycumines/go-eventloop/internal/alternatethree/promise.go:123.3,123.12 1 1
github.com/joeycumines/go-eventloop/internal/alternatethree/promise.go:125.2,125.21 1 1
github.com/joeycumines/go-eventloop/internal/alternatethree/promisify.go:22.36,24.2 1 0
github.com/joeycumines/go-eventloop/internal/alternatethree/promisify.go:42.101,49.12 3 0
github.com/joeycumines/go-eventloop/internal/alternatethree/promisify.go:49.12,57.10 3 0
github.com/joeycumines/go-eventloop/internal/alternatethree/promisify.go:58.21,63.53 2 0
github.com/joeycumines/go-eventloop/internal/alternatethree/promisify.go:63.53,65.5 1 0
github.com/joeycumines/go-eventloop/internal/alternatethree/promisify.go:65.20,67.5 1 0
github.com/joeycumines/go-eventloop/internal/alternatethree/promisify.go:68.4,68.10 1 0
github.com/joeycumines/go-eventloop/internal/alternatethree/promisify.go:69.11,69.11 0 0
github.com/joeycumines/go-eventloop/internal/alternatethree/promisify.go:72.3,72.16 1 0
github.com/joeycumines/go-eventloop/internal/alternatethree/promisify.go:72.16,74.16 2 0
github.com/joeycumines/go-eventloop/internal/alternatethree/promisify.go:74.16,78.54 2 0
github.com/joeycumines/go-eventloop/internal/alternatethree/promisify.go:78.54,80.6 1 0
github.com/joeycumines/go-eventloop/internal/alternatethree/promisify.go:80.21,82.6 1 0
github.com/joeycumines/go-eventloop/internal/alternatethree/promisify.go:83.10,85.19 1 0
github.com/joeycumines/go-eventloop/internal/alternatethree/promisify.go:85.19,89.55 1 0
github.com/joeycumines/go-eventloop/internal/alternatethree/promisify.go:89.55,91.7 1 0
github.com/joeycumines/go-eventloop/internal/alternatethree/promisify.go:91.22,93.7 1 0
github.com/joeycumines/go-eventloop/internal/alternatethree/promisify.go:99.3,103.17 2 0
github.com/joeycumines/go-eventloop/internal/alternatethree/promisify.go:103.17,104.59 1 0
github.com/joeycumines/go-eventloop/internal/alternatethree/promisify.go:104.59,106.5 1 0
github.com/joeycumines/go-eventloop/internal/alternatethree/promisify.go:106.26,108.5 1 0
github.com/joeycumines/go-eventloop/internal/alternatethree/promisify.go:109.9,110.59 1 0
github.com/joeycumines/go-eventloop/internal/alternatethree/promisify.go:110.59,112.5 1 0
github.com/joeycumines/go-eventloop/internal/alternatethree/promisify.go:112.26,117.5 1 0
github.com/joeycumines/go-eventloop/internal/alternatethree/promisify.go:119.3,119.19 1 0
github.com/joeycumines/go-eventloop/internal/alternatethree/promisify.go:122.2,122.10 1 0
github.com/joeycumines/go-eventloop/internal/alternatethree/registry.go:33.30,39.2 1 1
github.com/joeycumines/go-eventloop/internal/alternatethree/registry.go:43.52,67.2 9 1
github.com/joeycumines/go-eventloop/internal/alternatethree/registry.go:72.44,77.20 3 1
github.com/joeycumines/go-eventloop/internal/alternatethree/registry.go:77.20,79.3 1 0
github.com/joeycumines/go-eventloop/internal/alternatethree/registry.go:81.2,83.18 3 1
github.com/joeycumines/go-eventloop/internal/alternatethree/registry.go:83.18,86.3 2 1
github.com/joeycumines/go-eventloop/internal/alternatethree/registry.go:89.2,91.19 3 1
github.com/joeycumines/go-eventloop/internal/alternatethree/registry.go:91.19,93.3 1 1
github.com/joeycumines/go-eventloop/internal/alternatethree/registry.go:98.2,104.31 3 1
github.com/joeycumines/go-eventloop/internal/alternatethree/registry.go:104.31,106.14 2 1
github.com/joeycumines/go-eventloop/internal/alternatethree/registry.go:106.14,108.4 1 1
github.com/joeycumines/go-eventloop/internal/alternatethree/registry.go:116.2,120.27 3 1
github.com/joeycumines/go-eventloop/internal/alternatethree/registry.go:120.27,121.34 1 1
github.com/joeycumines/go-eventloop/internal/alternatethree/registry.go:121.34,124.4 2 1
github.com/joeycumines/go-eventloop/internal/alternatethree/registry.go:124.10,130.4 0 0
github.com/joeycumines/go-eventloop/internal/alternatethree/registry.go:133.2,137.25 3 1
github.com/joeycumines/go-eventloop/internal/alternatethree/registry.go:137.25,139.3 1 1
github.com/joeycumines/go-eventloop/internal/alternatethree/registry.go:140.2,148.32 4 1
github.com/joeycumines/go-eventloop/internal/alternatethree/registry.go:148.32,155.17 4 1
github.com/joeycumines/go-eventloop/internal/alternatethree/registry.go:155.17,157.4 1 1
github.com/joeycumines/go-eventloop/internal/alternatethree/registry.go:157.9,158.30 1 1
github.com/joeycumines/go-eventloop/internal/alternatethree/registry.go:158.30,160.5 1 1
github.com/joeycumines/go-eventloop/internal/alternatethree/registry.go:163.3,163.19 1 1
github.com/joeycumines/go-eventloop/internal/alternatethree/registry.go:163.19,165.4 1 1
github.com/joeycumines/go-eventloop/internal/alternatethree/registry.go:169.2,169.46 1 1
github.com/joeycumines/go-eventloop/internal/alternatethree/registry.go:169.46,173.36 2 1
github.com/joeycumines/go-eventloop/internal/alternatethree/registry.go:173.36,182.55 2 1
github.com/joeycumines/go-eventloop/internal/alternatethree/registry.go:182.55,184.5 1 1
github.com/joeycumines/go-eventloop/internal/alternatethree/registry.go:188.3,191.21 2 1
github.com/joeycumines/go-eventloop/internal/alternatethree/registry.go:191.21,197.66 3 1
github.com/joeycumines/go-eventloop/internal/alternatethree/registry.go:197.66,201.5 1 1
github.com/joeycumines/go-eventloop/internal/alternatethree/registry.go:204.3,204.16 1 1
github.com/joeycumines/go-eventloop/internal/alternatethree/registry.go:205.8,210.3 3 0
github.com/joeycumines/go-eventloop/internal/alternatethree/registry.go:215.41,219.29 3 1
github.com/joeycumines/go-eventloop/internal/alternatethree/registry.go:219.29,221.39 2 0
github.com/joeycumines/go-eventloop/internal/alternatethree/registry.go:221.39,223.4 1 0
github.com/joeycumines/go-eventloop/internal/alternatethree/registry.go:225.3,225.21 1 0
github.com/joeycumines/go-eventloop/internal/alternatethree/registry.go:229.2,230.12 2 1
github.com/joeycumines/go-eventloop/internal/alternatethree/registry.go:237.38,243.28 3 1
github.com/joeycumines/go-eventloop/internal/alternatethree/registry.go:243.28,244.14 1 1
github.com/joeycumines/go-eventloop/internal/alternatethree/registry.go:244.14,245.32 1 0
github.com/joeycumines/go-eventloop/internal/alternatethree/registry.go:245.32,248.5 2 0
github.com/joeycumines/go-eventloop/internal/alternatethree/registry.go:252.2,254.12 3 1
github.com/joeycumines/go-eventloop/internal/alternatethree/wakeup_darwin.go:18.62,22.16 3 1
github.com/joeycumines/go-eventloop/internal/alternatethree/wakeup_darwin.go:22.16,24.3 1 0
github.com/joeycumines/go-eventloop/internal/alternatethree/wakeup_darwin.go:27.2,35.28 5 1
