mode: set
github.com/joeycumines/go-eventloop/internal/alternateone/chunk.go:38.18,40.3 1 1
github.com/joeycumines/go-eventloop/internal/alternateone/chunk.go:44.24,50.2 5 1
github.com/joeycumines/go-eventloop/internal/alternateone/chunk.go:55.28,58.25 1 1
github.com/joeycumines/go-eventloop/internal/alternateone/chunk.go:58.25,60.3 1 1
github.com/joeycumines/go-eventloop/internal/alternateone/chunk.go:61.2,64.18 4 1
github.com/joeycumines/go-eventloop/internal/alternateone/chunk.go:76.40,77.19 1 1
github.com/joeycumines/go-eventloop/internal/alternateone/chunk.go:77.19,80.3 2 1
github.com/joeycumines/go-eventloop/internal/alternateone/chunk.go:82.2,82.29 1 1
github.com/joeycumines/go-eventloop/internal/alternateone/chunk.go:82.29,87.3 3 1
github.com/joeycumines/go-eventloop/internal/alternateone/chunk.go:89.2,91.12 3 1
github.com/joeycumines/go-eventloop/internal/alternateone/chunk.go:96.43,97.19 1 1
github.com/joeycumines/go-eventloop/internal/alternateone/chunk.go:97.19,99.3 1 1
github.com/joeycumines/go-eventloop/internal/alternateone/chunk.go:102.2,102.34 1 1
github.com/joeycumines/go-eventloop/internal/alternateone/chunk.go:102.34,104.23 1 1
github.com/joeycumines/go-eventloop/internal/alternateone/chunk.go:104.23,109.4 3 1
github.com/joeycumines/go-eventloop/internal/alternateone/chunk.go:111.3,113.23 3 0
github.com/joeycumines/go-eventloop/internal/alternateone/chunk.go:117.2,117.34 1 1
github.com/joeycumines/go-eventloop/internal/alternateone/chunk.go:117.34,119.3 1 0
github.com/joeycumines/go-eventloop/internal/alternateone/chunk.go:122.2,129.34 5 1
github.com/joeycumines/go-eventloop/internal/alternateone/chunk.go:129.34,130.23 1 1
github.com/joeycumines/go-eventloop/internal/alternateone/chunk.go:130.23,134.4 2 1
github.com/joeycumines/go-eventloop/internal/alternateone/chunk.go:134.9,139.4 3 1
github.com/joeycumines/go-eventloop/internal/alternateone/chunk.go:142.2,142.19 1 1
github.com/joeycumines/go-eventloop/internal/alternateone/errors.go:56.36,57.19 1 0
github.com/joeycumines/go-eventloop/internal/alternateone/errors.go:57.19,59.3 1 0
github.com/joeycumines/go-eventloop/internal/alternateone/errors.go:60.2,60.59 1 0
github.com/joeycumines/go-eventloop/internal/alternateone/errors.go:64.36,66.2 1 0
github.com/joeycumines/go-eventloop/internal/alternateone/errors.go:69.85,76.2 1 0
github.com/joeycumines/go-eventloop/internal/alternateone/errors.go:89.37,91.2 1 1
github.com/joeycumines/go-eventloop/internal/alternateone/errors.go:94.42,96.2 1 1
github.com/joeycumines/go-eventloop/internal/alternateone/errors.go:99.66,107.2 1 1
github.com/joeycumines/go-eventloop/internal/alternateone/errors.go:116.42,118.2 1 0
github.com/joeycumines/go-eventloop/internal/alternateone/errors.go:121.44,122.16 1 0
github.com/joeycumines/go-eventloop/internal/alternateone/errors.go:122.16,124.3 1 0
github.com/joeycumines/go-eventloop/internal/alternateone/errors.go:125.2,125.39 1 0
github.com/joeycumines/go-eventloop/internal/alternateone/errors.go:129.60,130.16 1 0
github.com/joeycumines/go-eventloop/internal/alternateone/errors.go:130.16,132.3 1 0
github.com/joeycumines/go-eventloop/internal/alternateone/errors.go:133.2,133.42 1 0
github.com/joeycumines/go-eventloop/internal/alternateone/errors.go:137.82,138.16 1 0
github.com/joeycumines/go-eventloop/internal/alternateone/errors.go:138.16,140.3 1 0
github.com/joeycumines/go-eventloop/internal/alternateone/errors.go:141.2,141.42 1 0
github.com/joeycumines/go-eventloop/internal/alternateone/ingress.go:25.36,27.2 1 1
github.com/joeycumines/go-eventloop/internal/alternateone/ingress.go:33.56,37.14 3 1
github.com/joeycumines/go-eventloop/internal/alternateone/ingress.go:37.14,39.3 1 0
github.com/joeycumines/go-eventloop/internal/alternateone/ingress.go:41.2,51.14 5 1
github.com/joeycumines/go-eventloop/internal/alternateone/ingress.go:52.20,53.24 1 1
github.com/joeycumines/go-eventloop/internal/alternateone/ingress.go:54.20,55.24 1 1
github.com/joeycumines/go-eventloop/internal/alternateone/ingress.go:56.21,57.26 1 0
github.com/joeycumines/go-eventloop/internal/alternateone/ingress.go:60.2,60.12 1 1
github.com/joeycumines/go-eventloop/internal/alternateone/ingress.go:68.46,73.2 3 0
github.com/joeycumines/go-eventloop/internal/alternateone/ingress.go:77.52,82.40 3 1
github.com/joeycumines/go-eventloop/internal/alternateone/ingress.go:82.40,84.3 1 0
github.com/joeycumines/go-eventloop/internal/alternateone/ingress.go:87.2,87.38 1 1
github.com/joeycumines/go-eventloop/internal/alternateone/ingress.go:87.38,89.3 1 0
github.com/joeycumines/go-eventloop/internal/alternateone/ingress.go:92.2,92.38 1 1
github.com/joeycumines/go-eventloop/internal/alternateone/ingress.go:92.38,94.3 1 0
github.com/joeycumines/go-eventloop/internal/alternateone/ingress.go:96.2,96.26 1 1
github.com/joeycumines/go-eventloop/internal/alternateone/ingress.go:101.54,109.2 5 1
github.com/joeycumines/go-eventloop/internal/alternateone/ingress.go:113.54,121.2 5 1
github.com/joeycumines/go-eventloop/internal/alternateone/ingress.go:125.55,133.2 5 1
github.com/joeycumines/go-eventloop/internal/alternateone/ingress.go:137.36,139.2 1 1
github.com/joeycumines/go-eventloop/internal/alternateone/ingress.go:143.42,147.2 3 0
github.com/joeycumines/go-eventloop/internal/alternateone/ingress.go:150.44,154.2 3 1
github.com/joeycumines/go-eventloop/internal/alternateone/ingress.go:157.44,161.2 3 0
github.com/joeycumines/go-eventloop/internal/alternateone/ingress.go:164.45,168.2 3 0
github.com/joeycumines/go-eventloop/internal/alternateone/ingress.go:171.31,175.2 3 1
github.com/joeycumines/go-eventloop/internal/alternateone/ingress.go:178.39,182.2 3 1
github.com/joeycumines/go-eventloop/internal/alternateone/ingress.go:186.30,188.2 1 1
github.com/joeycumines/go-eventloop/internal/alternateone/ingress.go:191.32,193.2 1 1
github.com/joeycumines/go-eventloop/internal/alternateone/ingress.go:197.44,204.2 3 1
github.com/joeycumines/go-eventloop/internal/alternateone/ingress.go:207.55,208.18 1 1
github.com/joeycumines/go-eventloop/internal/alternateone/ingress.go:208.18,209.63 1 0
github.com/joeycumines/go-eventloop/internal/alternateone/ingress.go:213.2,213.40 1 1
github.com/joeycumines/go-eventloop/internal/alternateone/ingress.go:213.40,214.64 1 0
github.com/joeycumines/go-eventloop/internal/alternateone/ingress.go:218.2,218.36 1 1
github.com/joeycumines/go-eventloop/internal/alternateone/ingress.go:218.36,219.68 1 0
github.com/joeycumines/go-eventloop/internal/alternateone/loop.go:87.40,87.57 1 1
github.com/joeycumines/go-eventloop/internal/alternateone/loop.go:88.40,88.78 1 0
github.com/joeycumines/go-eventloop/internal/alternateone/loop.go:89.40,89.67 1 1
github.com/joeycumines/go-eventloop/internal/alternateone/loop.go:91.33,93.2 1 1
github.com/joeycumines/go-eventloop/internal/alternateone/loop.go:95.31,101.2 5 1
github.com/joeycumines/go-eventloop/internal/alternateone/loop.go:106.27,108.2 1 1
github.com/joeycumines/go-eventloop/internal/alternateone/loop.go:111.61,114.16 2 1
github.com/joeycumines/go-eventloop/internal/alternateone/loop.go:114.16,116.3 1 0
github.com/joeycumines/go-eventloop/internal/alternateone/loop.go:118.2,132.49 2 1
github.com/joeycumines/go-eventloop/internal/alternateone/loop.go:132.49,134.28 2 0
github.com/joeycumines/go-eventloop/internal/alternateone/loop.go:134.28,136.4 1 0
github.com/joeycumines/go-eventloop/internal/alternateone/loop.go:137.3,137.36 1 0
github.com/joeycumines/go-eventloop/internal/alternateone/loop.go:141.2,141.69 1 1
github.com/joeycumines/go-eventloop/internal/alternateone/loop.go:141.69,143.3 1 1
github.com/joeycumines/go-eventloop/internal/alternateone/loop.go:143.17,146.28 3 0
github.com/joeycumines/go-eventloop/internal/alternateone/loop.go:146.28,148.4 1 0
github.com/joeycumines/go-eventloop/internal/alternateone/loop.go:149.3,149.36 1 0
github.com/joeycumines/go-eventloop/internal/alternateone/loop.go:153.2,156.18 2 1
github.com/joeycumines/go-eventloop/internal/alternateone/loop.go:168.47,170.22 1 1
github.com/joeycumines/go-eventloop/internal/alternateone/loop.go:170.22,172.3 1 0
github.com/joeycumines/go-eventloop/internal/alternateone/loop.go:175.2,175.51 1 1
github.com/joeycumines/go-eventloop/internal/alternateone/loop.go:175.51,177.38 2 1
github.com/joeycumines/go-eventloop/internal/alternateone/loop.go:177.38,179.4 1 1
github.com/joeycumines/go-eventloop/internal/alternateone/loop.go:180.3,180.31 1 0
github.com/joeycumines/go-eventloop/internal/alternateone/loop.go:185.2,191.19 3 1
github.com/joeycumines/go-eventloop/internal/alternateone/loop.go:206.52,208.23 2 1
github.com/joeycumines/go-eventloop/internal/alternateone/loop.go:208.23,210.3 1 1
github.com/joeycumines/go-eventloop/internal/alternateone/loop.go:211.2,211.56 1 1
github.com/joeycumines/go-eventloop/internal/alternateone/loop.go:211.56,213.3 1 0
github.com/joeycumines/go-eventloop/internal/alternateone/loop.go:214.2,214.15 1 1
github.com/joeycumines/go-eventloop/internal/alternateone/loop.go:218.56,220.6 1 1
github.com/joeycumines/go-eventloop/internal/alternateone/loop.go:220.6,222.74 2 1
github.com/joeycumines/go-eventloop/internal/alternateone/loop.go:222.74,224.4 1 0
github.com/joeycumines/go-eventloop/internal/alternateone/loop.go:227.3,227.57 1 1
github.com/joeycumines/go-eventloop/internal/alternateone/loop.go:227.57,229.34 1 1
github.com/joeycumines/go-eventloop/internal/alternateone/loop.go:229.34,233.5 3 1
github.com/joeycumines/go-eventloop/internal/alternateone/loop.go:236.4,236.37 1 1
github.com/joeycumines/go-eventloop/internal/alternateone/loop.go:236.37,238.5 1 1
github.com/joeycumines/go-eventloop/internal/alternateone/loop.go:239.4,239.9 1 1
github.com/joeycumines/go-eventloop/internal/alternateone/loop.go:244.2,244.9 1 1
github.com/joeycumines/go-eventloop/internal/alternateone/loop.go:245.20,246.13 1 1
github.com/joeycumines/go-eventloop/internal/alternateone/loop.go:247.20,248.19 1 0
github.com/joeycumines/go-eventloop/internal/alternateone/loop.go:253.47,262.6 5 1
github.com/joeycumines/go-eventloop/internal/alternateone/loop.go:262.6,265.60 2 1
github.com/joeycumines/go-eventloop/internal/alternateone/loop.go:265.60,266.32 1 1
github.com/joeycumines/go-eventloop/internal/alternateone/loop.go:266.32,268.5 1 1
github.com/joeycumines/go-eventloop/internal/alternateone/loop.go:269.4,270.14 2 1
github.com/joeycumines/go-eventloop/internal/alternateone/loop.go:274.3,274.10 1 1
github.com/joeycumines/go-eventloop/internal/alternateone/loop.go:275.21,277.65 2 0
github.com/joeycumines/go-eventloop/internal/alternateone/loop.go:277.65,279.9 1 0
github.com/joeycumines/go-eventloop/internal/alternateone/loop.go:279.9,280.55 1 0
github.com/joeycumines/go-eventloop/internal/alternateone/loop.go:280.55,281.12 1 0
github.com/joeycumines/go-eventloop/internal/alternateone/loop.go:283.6,284.67 2 0
github.com/joeycumines/go-eventloop/internal/alternateone/loop.go:284.67,285.12 1 0
github.com/joeycumines/go-eventloop/internal/alternateone/loop.go:288.5,288.21 1 0
github.com/joeycumines/go-eventloop/internal/alternateone/loop.go:290.11,290.11 0 1
github.com/joeycumines/go-eventloop/internal/alternateone/loop.go:293.3,293.14 1 1
github.com/joeycumines/go-eventloop/internal/alternateone/loop.go:300.46,301.51 1 1
github.com/joeycumines/go-eventloop/internal/alternateone/loop.go:301.51,303.3 1 0
github.com/joeycumines/go-eventloop/internal/alternateone/loop.go:306.2,309.27 2 1
github.com/joeycumines/go-eventloop/internal/alternateone/loop.go:309.27,311.3 1 1
github.com/joeycumines/go-eventloop/internal/alternateone/loop.go:315.42,317.77 1 1
github.com/joeycumines/go-eventloop/internal/alternateone/loop.go:317.77,319.3 1 0
github.com/joeycumines/go-eventloop/internal/alternateone/loop.go:321.2,330.77 4 1
github.com/joeycumines/go-eventloop/internal/alternateone/loop.go:330.77,332.3 1 0
github.com/joeycumines/go-eventloop/internal/alternateone/loop.go:335.2,338.77 2 1
github.com/joeycumines/go-eventloop/internal/alternateone/loop.go:338.77,340.3 1 0
github.com/joeycumines/go-eventloop/internal/alternateone/loop.go:343.2,346.77 2 1
github.com/joeycumines/go-eventloop/internal/alternateone/loop.go:346.77,348.3 1 0
github.com/joeycumines/go-eventloop/internal/alternateone/loop.go:351.2,354.77 2 1
github.com/joeycumines/go-eventloop/internal/alternateone/loop.go:354.77,356.3 1 0
github.com/joeycumines/go-eventloop/internal/alternateone/loop.go:359.2,362.77 2 1
github.com/joeycumines/go-eventloop/internal/alternateone/loop.go:362.77,364.3 1 1
github.com/joeycumines/go-eventloop/internal/alternateone/loop.go:367.2,367.23 1 1
github.com/joeycumines/go-eventloop/internal/alternateone/loop.go:371.28,375.24 3 1
github.com/joeycumines/go-eventloop/internal/alternateone/loop.go:375.24,377.41 1 1
github.com/joeycumines/go-eventloop/internal/alternateone/loop.go:377.41,380.4 2 0
github.com/joeycumines/go-eventloop/internal/alternateone/loop.go:382.3,382.34 1 1
github.com/joeycumines/go-eventloop/internal/alternateone/loop.go:382.34,383.9 1 0
github.com/joeycumines/go-eventloop/internal/alternateone/loop.go:385.3,390.20 4 1
github.com/joeycumines/go-eventloop/internal/alternateone/loop.go:392.2,392.21 1 1
github.com/joeycumines/go-eventloop/internal/alternateone/loop.go:396.34,397.6 1 1
github.com/joeycumines/go-eventloop/internal/alternateone/loop.go:397.6,399.10 2 1
github.com/joeycumines/go-eventloop/internal/alternateone/loop.go:399.10,400.9 1 1
github.com/joeycumines/go-eventloop/internal/alternateone/loop.go:402.3,402.22 1 1
github.com/joeycumines/go-eventloop/internal/alternateone/loop.go:407.53,410.30 2 1
github.com/joeycumines/go-eventloop/internal/alternateone/loop.go:410.30,412.10 2 1
github.com/joeycumines/go-eventloop/internal/alternateone/loop.go:412.10,413.9 1 1
github.com/joeycumines/go-eventloop/internal/alternateone/loop.go:415.3,415.22 1 1
github.com/joeycumines/go-eventloop/internal/alternateone/loop.go:420.36,423.30 2 1
github.com/joeycumines/go-eventloop/internal/alternateone/loop.go:423.30,425.10 2 1
github.com/joeycumines/go-eventloop/internal/alternateone/loop.go:425.10,426.9 1 1
github.com/joeycumines/go-eventloop/internal/alternateone/loop.go:428.3,428.22 1 0
github.com/joeycumines/go-eventloop/internal/alternateone/loop.go:435.42,438.34 2 1
github.com/joeycumines/go-eventloop/internal/alternateone/loop.go:438.34,440.3 1 0
github.com/joeycumines/go-eventloop/internal/alternateone/loop.go:442.2,442.54 1 1
github.com/joeycumines/go-eventloop/internal/alternateone/loop.go:442.54,444.3 1 0
github.com/joeycumines/go-eventloop/internal/alternateone/loop.go:447.2,451.18 4 1
github.com/joeycumines/go-eventloop/internal/alternateone/loop.go:451.18,455.3 2 0
github.com/joeycumines/go-eventloop/internal/alternateone/loop.go:458.2,462.16 3 1
github.com/joeycumines/go-eventloop/internal/alternateone/loop.go:462.16,464.3 1 0
github.com/joeycumines/go-eventloop/internal/alternateone/loop.go:467.2,467.77 1 1
github.com/joeycumines/go-eventloop/internal/alternateone/loop.go:467.77,469.3 1 1
github.com/joeycumines/go-eventloop/internal/alternateone/loop.go:472.2,472.49 1 1
github.com/joeycumines/go-eventloop/internal/alternateone/loop.go:476.39,480.23 3 1
github.com/joeycumines/go-eventloop/internal/alternateone/loop.go:480.23,482.16 2 1
github.com/joeycumines/go-eventloop/internal/alternateone/loop.go:482.16,484.4 1 0
github.com/joeycumines/go-eventloop/internal/alternateone/loop.go:485.3,485.23 1 1
github.com/joeycumines/go-eventloop/internal/alternateone/loop.go:485.23,487.4 1 1
github.com/joeycumines/go-eventloop/internal/alternateone/loop.go:489.2,492.49 2 1
github.com/joeycumines/go-eventloop/internal/alternateone/loop.go:492.49,494.3 1 0
github.com/joeycumines/go-eventloop/internal/alternateone/loop.go:496.2,496.37 1 1
github.com/joeycumines/go-eventloop/internal/alternateone/loop.go:500.34,501.6 1 1
github.com/joeycumines/go-eventloop/internal/alternateone/loop.go:501.6,503.17 2 1
github.com/joeycumines/go-eventloop/internal/alternateone/loop.go:503.17,504.47 1 1
github.com/joeycumines/go-eventloop/internal/alternateone/loop.go:504.47,505.10 1 1
github.com/joeycumines/go-eventloop/internal/alternateone/loop.go:507.4,507.9 1 0
github.com/joeycumines/go-eventloop/internal/alternateone/loop.go:510.2,510.26 1 1
github.com/joeycumines/go-eventloop/internal/alternateone/loop.go:514.37,521.2 4 1
github.com/joeycumines/go-eventloop/internal/alternateone/loop.go:526.40,528.59 2 1
github.com/joeycumines/go-eventloop/internal/alternateone/loop.go:528.59,530.3 1 1
github.com/joeycumines/go-eventloop/internal/alternateone/loop.go:532.2,532.57 1 1
github.com/joeycumines/go-eventloop/internal/alternateone/loop.go:532.57,534.3 1 0
github.com/joeycumines/go-eventloop/internal/alternateone/loop.go:537.2,537.37 1 1
github.com/joeycumines/go-eventloop/internal/alternateone/loop.go:537.37,538.43 1 0
github.com/joeycumines/go-eventloop/internal/alternateone/loop.go:538.43,540.4 1 0
github.com/joeycumines/go-eventloop/internal/alternateone/loop.go:543.2,543.12 1 1
github.com/joeycumines/go-eventloop/internal/alternateone/loop.go:549.48,551.30 2 1
github.com/joeycumines/go-eventloop/internal/alternateone/loop.go:551.30,553.3 1 0
github.com/joeycumines/go-eventloop/internal/alternateone/loop.go:555.2,555.57 1 1
github.com/joeycumines/go-eventloop/internal/alternateone/loop.go:555.57,557.3 1 0
github.com/joeycumines/go-eventloop/internal/alternateone/loop.go:560.2,560.37 1 1
github.com/joeycumines/go-eventloop/internal/alternateone/loop.go:560.37,561.43 1 0
github.com/joeycumines/go-eventloop/internal/alternateone/loop.go:561.43,563.4 1 0
github.com/joeycumines/go-eventloop/internal/alternateone/loop.go:566.2,566.12 1 1
github.com/joeycumines/go-eventloop/internal/alternateone/loop.go:570.51,572.30 2 0
github.com/joeycumines/go-eventloop/internal/alternateone/loop.go:572.30,574.3 1 0
github.com/joeycumines/go-eventloop/internal/alternateone/loop.go:576.2,576.42 1 0
github.com/joeycumines/go-eventloop/internal/alternateone/loop.go:580.68,587.33 3 1
github.com/joeycumines/go-eventloop/internal/alternateone/loop.go:587.33,591.3 3 1
github.com/joeycumines/go-eventloop/internal/alternateone/loop.go:595.83,597.2 1 0
github.com/joeycumines/go-eventloop/internal/alternateone/loop.go:600.43,602.2 1 0
github.com/joeycumines/go-eventloop/internal/alternateone/loop.go:605.44,607.42 2 1
github.com/joeycumines/go-eventloop/internal/alternateone/loop.go:607.42,609.3 1 0
github.com/joeycumines/go-eventloop/internal/alternateone/loop.go:610.2,610.48 1 1
github.com/joeycumines/go-eventloop/internal/alternateone/loop.go:616.40,617.17 1 1
github.com/joeycumines/go-eventloop/internal/alternateone/loop.go:617.17,619.3 1 0
github.com/joeycumines/go-eventloop/internal/alternateone/loop.go:621.2,621.15 1 1
github.com/joeycumines/go-eventloop/internal/alternateone/loop.go:621.15,622.31 1 1
github.com/joeycumines/go-eventloop/internal/alternateone/loop.go:622.31,625.24 3 1
github.com/joeycumines/go-eventloop/internal/alternateone/loop.go:625.24,627.5 1 0
github.com/joeycumines/go-eventloop/internal/alternateone/loop.go:631.2,631.8 1 1
github.com/joeycumines/go-eventloop/internal/alternateone/loop.go:635.27,638.35 3 1
github.com/joeycumines/go-eventloop/internal/alternateone/loop.go:638.35,640.3 1 1
github.com/joeycumines/go-eventloop/internal/alternateone/loop.go:644.36,646.17 2 1
github.com/joeycumines/go-eventloop/internal/alternateone/loop.go:646.17,648.3 1 1
github.com/joeycumines/go-eventloop/internal/alternateone/loop.go:649.2,649.35 1 0
github.com/joeycumines/go-eventloop/internal/alternateone/loop.go:653.30,657.41 4 1
github.com/joeycumines/go-eventloop/internal/alternateone/loop.go:657.41,658.37 1 1
github.com/joeycumines/go-eventloop/internal/alternateone/loop.go:658.37,660.4 1 1
github.com/joeycumines/go-eventloop/internal/alternateone/loop.go:660.9,661.9 1 1
github.com/joeycumines/go-eventloop/internal/alternateone/loop.go:664.2,664.11 1 1
github.com/joeycumines/go-eventloop/internal/alternateone/loop.go:668.34,670.2 1 1
github.com/joeycumines/go-eventloop/internal/alternateone/loop.go:684.30,687.37 2 1
github.com/joeycumines/go-eventloop/internal/alternateone/loop.go:687.37,689.3 1 1
github.com/joeycumines/go-eventloop/internal/alternateone/loop.go:692.2,692.6 1 1
github.com/joeycumines/go-eventloop/internal/alternateone/loop.go:692.6,694.38 2 1
github.com/joeycumines/go-eventloop/internal/alternateone/loop.go:694.38,696.4 1 0
github.com/joeycumines/go-eventloop/internal/alternateone/loop.go:697.3,697.39 1 1
github.com/joeycumines/go-eventloop/internal/alternateone/loop.go:697.39,701.4 2 0
github.com/joeycumines/go-eventloop/internal/alternateone/loop.go:702.3,702.57 1 1
github.com/joeycumines/go-eventloop/internal/alternateone/loop.go:702.57,704.37 1 1
github.com/joeycumines/go-eventloop/internal/alternateone/loop.go:704.37,706.5 1 1
github.com/joeycumines/go-eventloop/internal/alternateone/loop.go:710.4,712.14 3 1
github.com/joeycumines/go-eventloop/internal/alternateone/poller_darwin.go:52.41,56.2 3 1
github.com/joeycumines/go-eventloop/internal/alternateone/poller_darwin.go:59.47,60.14 1 1
github.com/joeycumines/go-eventloop/internal/alternateone/poller_darwin.go:60.14,62.3 1 0
github.com/joeycumines/go-eventloop/internal/alternateone/poller_darwin.go:64.2,64.19 1 1
github.com/joeycumines/go-eventloop/internal/alternateone/poller_darwin.go:64.19,66.3 1 1
github.com/joeycumines/go-eventloop/internal/alternateone/poller_darwin.go:68.2,69.16 2 1
github.com/joeycumines/go-eventloop/internal/alternateone/poller_darwin.go:69.16,71.3 1 0
github.com/joeycumines/go-eventloop/internal/alternateone/poller_darwin.go:73.2,79.12 6 1
github.com/joeycumines/go-eventloop/internal/alternateone/poller_darwin.go:83.42,87.20 3 1
github.com/joeycumines/go-eventloop/internal/alternateone/poller_darwin.go:87.20,89.3 1 0
github.com/joeycumines/go-eventloop/internal/alternateone/poller_darwin.go:91.2,95.12 5 1
github.com/joeycumines/go-eventloop/internal/alternateone/poller_darwin.go:99.77,102.27 2 1
github.com/joeycumines/go-eventloop/internal/alternateone/poller_darwin.go:102.27,108.3 1 1
github.com/joeycumines/go-eventloop/internal/alternateone/poller_darwin.go:110.2,110.28 1 1
github.com/joeycumines/go-eventloop/internal/alternateone/poller_darwin.go:110.28,116.3 1 0
github.com/joeycumines/go-eventloop/internal/alternateone/poller_darwin.go:118.2,118.16 1 1
github.com/joeycumines/go-eventloop/internal/alternateone/poller_darwin.go:125.96,129.45 3 1
github.com/joeycumines/go-eventloop/internal/alternateone/poller_darwin.go:129.45,131.3 1 0
github.com/joeycumines/go-eventloop/internal/alternateone/poller_darwin.go:133.2,133.42 1 1
github.com/joeycumines/go-eventloop/internal/alternateone/poller_darwin.go:133.42,135.3 1 0
github.com/joeycumines/go-eventloop/internal/alternateone/poller_darwin.go:137.2,138.23 2 1
github.com/joeycumines/go-eventloop/internal/alternateone/poller_darwin.go:138.23,140.3 1 0
github.com/joeycumines/go-eventloop/internal/alternateone/poller_darwin.go:142.2,143.16 2 1
github.com/joeycumines/go-eventloop/internal/alternateone/poller_darwin.go:143.16,145.3 1 0
github.com/joeycumines/go-eventloop/internal/alternateone/poller_darwin.go:147.2,152.12 2 1
github.com/joeycumines/go-eventloop/internal/alternateone/poller_darwin.go:156.49,160.20 3 0
github.com/joeycumines/go-eventloop/internal/alternateone/poller_darwin.go:160.20,162.3 1 0
github.com/joeycumines/go-eventloop/internal/alternateone/poller_darwin.go:164.2,165.13 2 0
github.com/joeycumines/go-eventloop/internal/alternateone/poller_darwin.go:165.13,167.3 1 0
github.com/joeycumines/go-eventloop/internal/alternateone/poller_darwin.go:169.2,171.38 3 0
github.com/joeycumines/go-eventloop/internal/alternateone/poller_darwin.go:171.38,173.3 1 0
github.com/joeycumines/go-eventloop/internal/alternateone/poller_darwin.go:175.2,176.12 2 0
github.com/joeycumines/go-eventloop/internal/alternateone/poller_darwin.go:180.62,184.20 3 0
github.com/joeycumines/go-eventloop/internal/alternateone/poller_darwin.go:184.20,186.3 1 0
github.com/joeycumines/go-eventloop/internal/alternateone/poller_darwin.go:188.2,189.13 2 0
github.com/joeycumines/go-eventloop/internal/alternateone/poller_darwin.go:189.13,191.3 1 0
github.com/joeycumines/go-eventloop/internal/alternateone/poller_darwin.go:193.2,196.28 2 0
github.com/joeycumines/go-eventloop/internal/alternateone/poller_darwin.go:196.28,198.26 2 0
github.com/joeycumines/go-eventloop/internal/alternateone/poller_darwin.go:198.26,199.69 1 0
github.com/joeycumines/go-eventloop/internal/alternateone/poller_darwin.go:199.69,200.27 1 0
github.com/joeycumines/go-eventloop/internal/alternateone/poller_darwin.go:200.27,202.6 1 0
github.com/joeycumines/go-eventloop/internal/alternateone/poller_darwin.go:208.2,208.28 1 0
github.com/joeycumines/go-eventloop/internal/alternateone/poller_darwin.go:208.28,210.26 2 0
github.com/joeycumines/go-eventloop/internal/alternateone/poller_darwin.go:210.26,211.69 1 0
github.com/joeycumines/go-eventloop/internal/alternateone/poller_darwin.go:211.69,213.5 1 0
github.com/joeycumines/go-eventloop/internal/alternateone/poller_darwin.go:217.2,218.12 2 0
github.com/joeycumines/go-eventloop/internal/alternateone/poller_darwin.go:228.57,232.14 3 1
github.com/joeycumines/go-eventloop/internal/alternateone/poller_darwin.go:232.14,234.3 1 0
github.com/joeycumines/go-eventloop/internal/alternateone/poller_darwin.go:236.2,236.45 1 1
github.com/joeycumines/go-eventloop/internal/alternateone/poller_darwin.go:236.45,238.3 1 0
github.com/joeycumines/go-eventloop/internal/alternateone/poller_darwin.go:241.2,242.20 2 1
github.com/joeycumines/go-eventloop/internal/alternateone/poller_darwin.go:242.20,247.3 1 1
github.com/joeycumines/go-eventloop/internal/alternateone/poller_darwin.go:250.2,251.16 2 1
github.com/joeycumines/go-eventloop/internal/alternateone/poller_darwin.go:251.16,252.24 1 0
github.com/joeycumines/go-eventloop/internal/alternateone/poller_darwin.go:252.24,254.4 1 0
github.com/joeycumines/go-eventloop/internal/alternateone/poller_darwin.go:255.3,255.37 1 0
github.com/joeycumines/go-eventloop/internal/alternateone/poller_darwin.go:259.2,261.15 2 1
github.com/joeycumines/go-eventloop/internal/alternateone/poller_darwin.go:267.49,268.25 1 1
github.com/joeycumines/go-eventloop/internal/alternateone/poller_darwin.go:268.25,270.62 2 1
github.com/joeycumines/go-eventloop/internal/alternateone/poller_darwin.go:270.62,273.32 2 1
github.com/joeycumines/go-eventloop/internal/alternateone/poller_darwin.go:274.26,275.27 1 1
github.com/joeycumines/go-eventloop/internal/alternateone/poller_darwin.go:276.27,277.28 1 0
github.com/joeycumines/go-eventloop/internal/alternateone/poller_darwin.go:279.4,279.46 1 1
github.com/joeycumines/go-eventloop/internal/alternateone/poller_darwin.go:279.46,281.5 1 0
github.com/joeycumines/go-eventloop/internal/alternateone/poller_darwin.go:282.4,282.44 1 1
github.com/joeycumines/go-eventloop/internal/alternateone/poller_darwin.go:282.44,284.5 1 0
github.com/joeycumines/go-eventloop/internal/alternateone/poller_darwin.go:286.4,286.44 1 1
github.com/joeycumines/go-eventloop/internal/alternateone/poller_darwin.go:292.77,293.15 1 1
github.com/joeycumines/go-eventloop/internal/alternateone/poller_darwin.go:293.15,294.31 1 1
github.com/joeycumines/go-eventloop/internal/alternateone/poller_darwin.go:294.32,296.4 0 0
github.com/joeycumines/go-eventloop/internal/alternateone/poller_darwin.go:298.2,298.18 1 1
github.com/joeycumines/go-eventloop/internal/alternateone/poller_darwin.go:302.38,306.2 3 0
github.com/joeycumines/go-eventloop/internal/alternateone/shutdown.go:26.54,31.2 1 1
github.com/joeycumines/go-eventloop/internal/alternateone/shutdown.go:34.79,38.2 3 0
github.com/joeycumines/go-eventloop/internal/alternateone/shutdown.go:44.63,57.31 4 1
github.com/joeycumines/go-eventloop/internal/alternateone/shutdown.go:57.31,59.10 1 1
github.com/joeycumines/go-eventloop/internal/alternateone/shutdown.go:60.21,62.20 2 0
github.com/joeycumines/go-eventloop/internal/alternateone/shutdown.go:63.11,63.11 0 1
github.com/joeycumines/go-eventloop/internal/alternateone/shutdown.go:66.3,68.38 3 1
github.com/joeycumines/go-eventloop/internal/alternateone/shutdown.go:71.2,71.12 1 1
github.com/joeycumines/go-eventloop/internal/alternateone/shutdown.go:75.59,76.22 1 1
github.com/joeycumines/go-eventloop/internal/alternateone/shutdown.go:76.22,78.3 1 1
github.com/joeycumines/go-eventloop/internal/alternateone/shutdown.go:82.43,86.6 3 1
github.com/joeycumines/go-eventloop/internal/alternateone/shutdown.go:86.6,88.10 2 1
github.com/joeycumines/go-eventloop/internal/alternateone/shutdown.go:88.10,89.9 1 1
github.com/joeycumines/go-eventloop/internal/alternateone/shutdown.go:92.3,92.28 1 0
github.com/joeycumines/go-eventloop/internal/alternateone/shutdown.go:97.44,98.6 1 1
github.com/joeycumines/go-eventloop/internal/alternateone/shutdown.go:98.6,100.10 2 1
github.com/joeycumines/go-eventloop/internal/alternateone/shutdown.go:100.10,101.9 1 1
github.com/joeycumines/go-eventloop/internal/alternateone/shutdown.go:103.3,103.28 1 0
github.com/joeycumines/go-eventloop/internal/alternateone/shutdown.go:108.46,109.6 1 1
github.com/joeycumines/go-eventloop/internal/alternateone/shutdown.go:109.6,111.10 2 1
github.com/joeycumines/go-eventloop/internal/alternateone/shutdown.go:111.10,112.9 1 1
github.com/joeycumines/go-eventloop/internal/alternateone/shutdown.go:114.3,114.28 1 0
github.com/joeycumines/go-eventloop/internal/alternateone/shutdown.go:119.43,124.2 3 1
github.com/joeycumines/go-eventloop/internal/alternateone/shutdown.go:127.46,130.2 0 1
github.com/joeycumines/go-eventloop/internal/alternateone/shutdown.go:133.39,135.2 1 1
github.com/joeycumines/go-eventloop/internal/alternateone/state.go:40.36,41.11 1 0
github.com/joeycumines/go-eventloop/internal/alternateone/state.go:42.18,43.17 1 0
github.com/joeycumines/go-eventloop/internal/alternateone/state.go:44.23,45.22 1 0
github.com/joeycumines/go-eventloop/internal/alternateone/state.go:46.21,47.20 1 0
github.com/joeycumines/go-eventloop/internal/alternateone/state.go:48.24,49.23 1 0
github.com/joeycumines/go-eventloop/internal/alternateone/state.go:50.20,51.19 1 0
github.com/joeycumines/go-eventloop/internal/alternateone/state.go:52.10,53.39 1 0
github.com/joeycumines/go-eventloop/internal/alternateone/state.go:82.68,88.2 3 1
github.com/joeycumines/go-eventloop/internal/alternateone/state.go:91.46,93.2 1 1
github.com/joeycumines/go-eventloop/internal/alternateone/state.go:98.65,100.37 1 1
github.com/joeycumines/go-eventloop/internal/alternateone/state.go:100.37,101.46 1 1
github.com/joeycumines/go-eventloop/internal/alternateone/state.go:105.2,105.52 1 1
github.com/joeycumines/go-eventloop/internal/alternateone/state.go:105.52,107.3 1 1
github.com/joeycumines/go-eventloop/internal/alternateone/state.go:110.2,110.24 1 1
github.com/joeycumines/go-eventloop/internal/alternateone/state.go:110.24,112.3 1 1
github.com/joeycumines/go-eventloop/internal/alternateone/state.go:113.2,113.13 1 1
github.com/joeycumines/go-eventloop/internal/alternateone/state.go:119.47,121.29 2 1
github.com/joeycumines/go-eventloop/internal/alternateone/state.go:121.29,124.3 1 0
github.com/joeycumines/go-eventloop/internal/alternateone/state.go:125.2,125.30 1 1
github.com/joeycumines/go-eventloop/internal/alternateone/state.go:125.30,126.59 1 0
github.com/joeycumines/go-eventloop/internal/alternateone/state.go:128.2,129.24 2 1
github.com/joeycumines/go-eventloop/internal/alternateone/state.go:129.24,131.3 1 1
github.com/joeycumines/go-eventloop/internal/alternateone/state.go:135.72,137.9 2 1
github.com/joeycumines/go-eventloop/internal/alternateone/state.go:137.9,139.3 1 0
github.com/joeycumines/go-eventloop/internal/alternateone/state.go:140.2,140.42 1 1
github.com/joeycumines/go-eventloop/internal/alternateone/state.go:144.47,146.2 1 0
github.com/joeycumines/go-eventloop/internal/alternateone/state.go:149.46,152.2 2 0
github.com/joeycumines/go-eventloop/internal/alternateone/state.go:156.50,159.2 2 0
github.com/joeycumines/go-eventloop/internal/alternateone/wakeup_darwin.go:18.62,22.16 3 1
github.com/joeycumines/go-eventloop/internal/alternateone/wakeup_darwin.go:22.16,24.3 1 0
github.com/joeycumines/go-eventloop/internal/alternateone/wakeup_darwin.go:27.2,35.28 5 1
